<?xml version="1.0" encoding="utf-8"?><testsuites name="pytest tests"><testsuite name="pytest" errors="0" failures="0" skipped="0" tests="30" time="26.557" timestamp="2026-02-03T00:07:58.377130+00:00" hostname="agent-env-6e87a46c-68ab-4b09-acc7-f5dba342e328"><testcase classname="tests.test_subscription_persona_e2e.TestSubscriptionAPI" name="test_subscription_status_returns_200" time="0.679" /><testcase classname="tests.test_subscription_persona_e2e.TestSubscriptionAPI" name="test_subscription_status_has_required_fields" time="0.696" /><testcase classname="tests.test_subscription_persona_e2e.TestSubscriptionAPI" name="test_create_checkout_returns_checkout_url" time="1.164" /><testcase classname="tests.test_subscription_persona_e2e.TestSubscriptionAPI" name="test_checkout_status_returns_payment_info" time="1.795" /><testcase classname="tests.test_subscription_persona_e2e.TestSubscriptionAPI" name="test_checkout_status_invalid_session_returns_error" time="0.841" /><testcase classname="tests.test_subscription_persona_e2e.TestPersonaAPI" name="test_get_persona_settings" time="0.732" /><testcase classname="tests.test_subscription_persona_e2e.TestPersonaAPI" name="test_update_persona_settings" time="0.832" /><testcase classname="tests.test_subscription_persona_e2e.TestPersonaAPI" name="test_update_persona_count_enforces_range" time="1.308" /><testcase classname="tests.test_subscription_persona_e2e.TestPersonaAPI" name="test_list_personas" time="0.682" /><testcase classname="tests.test_subscription_persona_e2e.TestEpicWorkflow" name="test_list_epics" time="0.730" /><testcase classname="tests.test_subscription_persona_e2e.TestEpicWorkflow" name="test_create_epic" time="1.069" /><testcase classname="tests.test_subscription_persona_e2e.TestEpicWorkflow" name="test_get_epic" time="1.307" /><testcase classname="tests.test_subscription_persona_e2e.TestEpicWorkflow" name="test_delete_epic" time="2.289" /><testcase classname="tests.test_subscription_persona_e2e.TestFeatureWorkflow" name="test_list_features_for_epic" time="0.668" /><testcase classname="tests.test_subscription_persona_e2e.TestFeatureWorkflow" name="test_get_feature" time="0.745" /><testcase classname="tests.test_subscription_persona_e2e.TestUserStoryWorkflow" name="test_list_standalone_stories" time="0.691" /><testcase classname="tests.test_subscription_persona_e2e.TestUserStoryWorkflow" name="test_create_standalone_story" time="0.887" /><testcase classname="tests.test_subscription_persona_e2e.TestUserStoryWorkflow" name="test_get_standalone_story" time="1.146" /><testcase classname="tests.test_subscription_persona_e2e.TestBugTracking" name="test_list_bugs" time="0.685" /><testcase classname="tests.test_subscription_persona_e2e.TestBugTracking" name="test_create_bug" time="0.889" /><testcase classname="tests.test_subscription_persona_e2e.TestBugTracking" name="test_get_bug" time="1.240" /><testcase classname="tests.test_subscription_persona_e2e.TestBugTracking" name="test_bug_status_transition" time="1.541" /><testcase classname="tests.test_subscription_persona_e2e.TestScoringEndpoints" name="test_get_scoring_options" time="0.492" /><testcase classname="tests.test_subscription_persona_e2e.TestScoringEndpoints" name="test_get_epic_moscow" time="0.672" /><testcase classname="tests.test_subscription_persona_e2e.TestScoringEndpoints" name="test_get_feature_scores" time="0.664" /><testcase classname="tests.test_subscription_persona_e2e.TestPaymentTransactionTracking" name="test_checkout_creates_transaction" time="1.846" /><testcase classname="tests.test_subscription_persona_e2e.TestAuthenticationRequired" name="test_subscription_status_requires_auth" time="0.056" /><testcase classname="tests.test_subscription_persona_e2e.TestAuthenticationRequired" name="test_persona_settings_requires_auth" time="0.038" /><testcase classname="tests.test_subscription_persona_e2e.TestAuthenticationRequired" name="test_create_checkout_requires_auth" time="0.036" /><testcase classname="tests.test_subscription_persona_e2e.TestAuthenticationRequired" name="test_epics_requires_auth" time="0.036" /></testsuite></testsuites>