<?xml version="1.0" encoding="utf-8"?><testsuites name="pytest tests"><testsuite name="pytest" errors="0" failures="2" skipped="0" tests="17" time="11.182" timestamp="2026-01-13T16:37:50.561277+00:00" hostname="agent-env-21539842-3f5a-4477-8fce-7331e96378ad"><testcase classname="tests.test_persona_api.TestPersonaSettings" name="test_get_settings_unauthenticated" time="0.092" /><testcase classname="tests.test_persona_api.TestPersonaSettings" name="test_get_settings" time="0.947" /><testcase classname="tests.test_persona_api.TestPersonaSettings" name="test_update_settings" time="1.266" /><testcase classname="tests.test_persona_api.TestPersonaSettings" name="test_update_settings_count_capped" time="1.910" /><testcase classname="tests.test_persona_api.TestPersonaCRUD" name="test_list_personas_unauthenticated" time="0.032" /><testcase classname="tests.test_persona_api.TestPersonaCRUD" name="test_list_personas" time="0.684" /><testcase classname="tests.test_persona_api.TestPersonaCRUD" name="test_list_personas_with_search" time="0.688" /><testcase classname="tests.test_persona_api.TestPersonaCRUD" name="test_get_persona_not_found" time="0.803" /><testcase classname="tests.test_persona_api.TestPersonaCRUD" name="test_update_persona_not_found" time="0.764" /><testcase classname="tests.test_persona_api.TestPersonaCRUD" name="test_delete_persona_not_found" time="0.716" /><testcase classname="tests.test_persona_api.TestPersonaForEpic" name="test_list_personas_for_epic_unauthenticated" time="0.075" /><testcase classname="tests.test_persona_api.TestPersonaForEpic" name="test_list_personas_for_epic" time="0.720"><failure message="KeyError: 0">tests/test_persona_api.py:155: in test_list_personas_for_epic
    epic_id = epics[0].get("epic_id")
              ^^^^^^^^
E   KeyError: 0</failure></testcase><testcase classname="tests.test_persona_api.TestPersonaGeneration" name="test_generate_personas_unauthenticated" time="0.039" /><testcase classname="tests.test_persona_api.TestPersonaGeneration" name="test_generate_personas_invalid_epic" time="0.844" /><testcase classname="tests.test_persona_api.TestPersonaGeneration" name="test_generate_personas_requires_completed_epic" time="0.694"><failure message="AttributeError: 'str' object has no attribute 'get'">tests/test_persona_api.py:199: in test_generate_personas_requires_completed_epic
    if epic.get("current_stage") != "epic_locked":
       ^^^^^^^^
E   AttributeError: 'str' object has no attribute 'get'</failure></testcase><testcase classname="tests.test_persona_api.TestRegeneratePortrait" name="test_regenerate_portrait_unauthenticated" time="0.033" /><testcase classname="tests.test_persona_api.TestRegeneratePortrait" name="test_regenerate_portrait_not_found" time="0.747" /></testsuite></testsuites>