<?xml version="1.0" encoding="utf-8"?><testsuites name="pytest tests"><testsuite name="pytest" errors="0" failures="1" skipped="0" tests="25" time="4.423" timestamp="2026-02-05T01:32:03.399210+00:00" hostname="agent-env-31530e57-2024-4500-8fd5-38dfeb77f4f4"><testcase classname="tests.test_initiative_api.TestInitiativeSchemaImports" name="test_pass1_prd_schema_importable" time="0.596" /><testcase classname="tests.test_initiative_api.TestInitiativeSchemaImports" name="test_pass2_decomp_schema_importable" time="0.001" /><testcase classname="tests.test_initiative_api.TestInitiativeSchemaImports" name="test_pass3_planning_schema_importable" time="0.000" /><testcase classname="tests.test_initiative_api.TestInitiativeSchemaImports" name="test_pass4_critic_schema_importable" time="0.000" /><testcase classname="tests.test_initiative_api.TestPromptStructure" name="test_prd_system_prompt_structure" time="0.000" /><testcase classname="tests.test_initiative_api.TestPromptStructure" name="test_decomp_system_prompt_structure" time="0.000" /><testcase classname="tests.test_initiative_api.TestPromptStructure" name="test_planning_system_prompt_structure" time="0.000" /><testcase classname="tests.test_initiative_api.TestPromptStructure" name="test_critic_system_prompt_structure" time="0.000" /><testcase classname="tests.test_initiative_api.TestPromptStructure" name="test_prd_user_prompt_structure" time="0.000" /><testcase classname="tests.test_initiative_api.TestPromptStructure" name="test_decomp_user_prompt_structure" time="0.000" /><testcase classname="tests.test_initiative_api.TestPromptStructure" name="test_planning_user_prompt_structure" time="0.000" /><testcase classname="tests.test_initiative_api.TestPromptStructure" name="test_critic_user_prompt_structure" time="0.000" /><testcase classname="tests.test_initiative_api.TestPromptQualityConstraints" name="test_prd_has_character_limits" time="0.000" /><testcase classname="tests.test_initiative_api.TestPromptQualityConstraints" name="test_prd_has_exact_counts" time="0.000" /><testcase classname="tests.test_initiative_api.TestPromptQualityConstraints" name="test_decomp_requires_nfr_stories" time="0.000" /><testcase classname="tests.test_initiative_api.TestPromptQualityConstraints" name="test_decomp_requires_gherkin_format" time="0.000" /><testcase classname="tests.test_initiative_api.TestPromptQualityConstraints" name="test_critic_has_confidence_assessment" time="0.000" /><testcase classname="tests.test_initiative_api.TestPromptQualityConstraints" name="test_prompts_forbid_markdown_fences" time="0.000" /><testcase classname="tests.test_initiative_api.TestInitiativeAPIEndpoints" name="test_schema_endpoint_exists" time="0.672" /><testcase classname="tests.test_initiative_api.TestInitiativeAPIEndpoints" name="test_generate_endpoint_requires_subscription" time="0.859" /><testcase classname="tests.test_initiative_api.TestInitiativeAPIEndpoints" name="test_generate_endpoint_error_message" time="0.755" /><testcase classname="tests.test_initiative_api.TestInitiativeAPIEndpoints" name="test_save_endpoint_exists" time="0.701"><failure message="AssertionError: Expected validation error, got 520&#10;assert 520 in [400, 422, 500]&#10; +  where 520 = &lt;Response [520]&gt;.status_code">tests/test_initiative_api.py:261: in test_save_endpoint_exists
    assert response.status_code in [400, 422, 500], \
E   AssertionError: Expected validation error, got 520
E   assert 520 in [400, 422, 500]
E    +  where 520 = &lt;Response [520]&gt;.status_code</failure></testcase><testcase classname="tests.test_initiative_api.TestInitiativeAPIEndpoints" name="test_analytics_stats_endpoint_exists" time="0.663" /><testcase classname="tests.test_initiative_api.TestBackendLinting" name="test_initiative_py_no_syntax_errors" time="0.007" /><testcase classname="tests.test_initiative_api.TestBackendLinting" name="test_strict_output_service_no_syntax_errors" time="0.002" /></testsuite></testsuites>