<?xml version="1.0" encoding="utf-8"?><testsuites name="pytest tests"><testsuite name="pytest" errors="0" failures="0" skipped="3" tests="24" time="47.628" timestamp="2026-02-06T04:43:52.406515+00:00" hostname="agent-env-5c328b18-d290-414e-9a40-7111ff3c2b33"><testcase classname="tests.test_ai_endpoints_subscription.TestNonAIEndpointsWithoutSubscription" name="test_delivery_reality_summary_works" time="0.940" /><testcase classname="tests.test_ai_endpoints_subscription.TestNonAIEndpointsWithoutSubscription" name="test_delivery_reality_initiatives_works" time="0.746" /><testcase classname="tests.test_ai_endpoints_subscription.TestNonAIEndpointsWithoutSubscription" name="test_delivery_reality_initiative_detail_works" time="0.740" /><testcase classname="tests.test_ai_endpoints_subscription.TestNonAIEndpointsWithoutSubscription" name="test_sprints_current_works" time="0.851" /><testcase classname="tests.test_ai_endpoints_subscription.TestAIEndpointsWithSubscription" name="test_cut_rationale_works_with_subscription" time="4.357" /><testcase classname="tests.test_ai_endpoints_subscription.TestAIEndpointsWithSubscription" name="test_alternative_cuts_works_with_subscription" time="3.921" /><testcase classname="tests.test_ai_endpoints_subscription.TestAIEndpointsWithSubscription" name="test_risk_review_works_with_subscription" time="4.452" /><testcase classname="tests.test_ai_endpoints_subscription.TestAIEndpointsWithSubscription" name="test_kickoff_plan_works_with_subscription" time="1.171" /><testcase classname="tests.test_ai_endpoints_subscription.TestAIEndpointsWithSubscription" name="test_standup_summary_works_with_subscription" time="1.065" /><testcase classname="tests.test_ai_endpoints_subscription.TestAIEndpointsWithSubscription" name="test_wip_suggestions_works_with_subscription" time="1.042" /><testcase classname="tests.test_ai_endpoints_subscription.TestAIEndpointsSubscriptionGating" name="test_cut_rationale_returns_402_without_subscription" time="1.902"><skipped type="pytest.skip" message="No epic created for user">/app/backend/tests/test_ai_endpoints_subscription.py:253: No epic created for user</skipped></testcase><testcase classname="tests.test_ai_endpoints_subscription.TestAIEndpointsSubscriptionGating" name="test_alternative_cuts_returns_402_without_subscription" time="1.659"><skipped type="pytest.skip" message="No epic created for user">/app/backend/tests/test_ai_endpoints_subscription.py:265: No epic created for user</skipped></testcase><testcase classname="tests.test_ai_endpoints_subscription.TestAIEndpointsSubscriptionGating" name="test_risk_review_returns_402_without_subscription" time="1.359"><skipped type="pytest.skip" message="No epic created for user">/app/backend/tests/test_ai_endpoints_subscription.py:277: No epic created for user</skipped></testcase><testcase classname="tests.test_ai_endpoints_subscription.TestAIEndpointsSubscriptionGating" name="test_kickoff_plan_returns_402_without_subscription" time="1.524" /><testcase classname="tests.test_ai_endpoints_subscription.TestAIEndpointsSubscriptionGating" name="test_standup_summary_returns_402_without_subscription" time="1.550" /><testcase classname="tests.test_ai_endpoints_subscription.TestAIEndpointsSubscriptionGating" name="test_wip_suggestions_returns_402_without_subscription" time="1.607" /><testcase classname="tests.test_ai_endpoints_subscription.TestAIEndpointsLLMConfigCheck" name="test_llm_config_error_message_format" time="3.438" /><testcase classname="tests.test_ai_endpoints_subscription.TestAIEndpointsErrorHandling" name="test_cut_rationale_invalid_epic_returns_404" time="0.788" /><testcase classname="tests.test_ai_endpoints_subscription.TestAIEndpointsErrorHandling" name="test_alternative_cuts_invalid_epic_returns_404" time="0.742" /><testcase classname="tests.test_ai_endpoints_subscription.TestAIEndpointsErrorHandling" name="test_risk_review_invalid_epic_returns_404" time="0.711" /><testcase classname="tests.test_ai_endpoints_subscription.TestAIEndpointsErrorHandling" name="test_unauthenticated_ai_endpoints_return_401" time="0.744" /><testcase classname="tests.test_ai_endpoints_subscription.TestStrictOutputServiceIntegration" name="test_alternative_cuts_validates_story_ids" time="3.508" /><testcase classname="tests.test_ai_endpoints_subscription.TestStrictOutputServiceIntegration" name="test_cut_rationale_returns_valid_schema" time="4.107" /><testcase classname="tests.test_ai_endpoints_subscription.TestStrictOutputServiceIntegration" name="test_risk_review_returns_valid_schema" time="4.610" /></testsuite></testsuites>