<?xml version="1.0" encoding="utf-8"?><testsuites name="pytest tests"><testsuite name="pytest" errors="0" failures="0" skipped="0" tests="23" time="1.505" timestamp="2026-01-13T02:09:42.516426+00:00" hostname="agent-env-7981a28a-e16e-4120-9a56-822abb3861d7"><testcase classname="tests.test_jarlpm_backend.TestHealthEndpoints" name="test_api_root" time="0.078" /><testcase classname="tests.test_jarlpm_backend.TestHealthEndpoints" name="test_health_check" time="0.039" /><testcase classname="tests.test_jarlpm_backend.TestAuthEndpointsUnauthenticated" name="test_get_me_without_auth" time="0.044" /><testcase classname="tests.test_jarlpm_backend.TestAuthEndpointsUnauthenticated" name="test_logout_without_auth" time="0.040" /><testcase classname="tests.test_jarlpm_backend.TestAuthEndpointsUnauthenticated" name="test_session_exchange_invalid" time="0.192" /><testcase classname="tests.test_jarlpm_backend.TestSubscriptionEndpointsUnauthenticated" name="test_subscription_status_without_auth" time="0.037" /><testcase classname="tests.test_jarlpm_backend.TestSubscriptionEndpointsUnauthenticated" name="test_create_checkout_without_auth" time="0.040" /><testcase classname="tests.test_jarlpm_backend.TestEpicEndpointsUnauthenticated" name="test_list_epics_without_auth" time="0.044" /><testcase classname="tests.test_jarlpm_backend.TestEpicEndpointsUnauthenticated" name="test_create_epic_without_auth" time="0.077" /><testcase classname="tests.test_jarlpm_backend.TestEpicEndpointsUnauthenticated" name="test_get_epic_without_auth" time="0.039" /><testcase classname="tests.test_jarlpm_backend.TestEpicEndpointsUnauthenticated" name="test_delete_epic_without_auth" time="0.035" /><testcase classname="tests.test_jarlpm_backend.TestLLMProviderEndpointsUnauthenticated" name="test_list_llm_providers_without_auth" time="0.038" /><testcase classname="tests.test_jarlpm_backend.TestLLMProviderEndpointsUnauthenticated" name="test_create_llm_provider_without_auth" time="0.033" /><testcase classname="tests.test_jarlpm_backend.TestAPIResponseStructure" name="test_health_response_structure" time="0.036" /><testcase classname="tests.test_jarlpm_backend.TestAPIResponseStructure" name="test_root_response_structure" time="0.035" /><testcase classname="tests.test_jarlpm_backend.TestAPIResponseStructure" name="test_401_error_response_structure" time="0.036" /><testcase classname="tests.test_jarlpm_backend.TestCORSHeaders" name="test_cors_headers_present" time="0.034" /><testcase classname="tests.test_jarlpm_backend.TestInputValidation" name="test_session_exchange_missing_body" time="0.038" /><testcase classname="tests.test_jarlpm_backend.TestInputValidation" name="test_session_exchange_invalid_json" time="0.037" /><testcase classname="tests.test_jarlpm_backend.TestEndpointAvailability" name="test_auth_endpoints_exist" time="0.105" /><testcase classname="tests.test_jarlpm_backend.TestEndpointAvailability" name="test_subscription_endpoints_exist" time="0.116" /><testcase classname="tests.test_jarlpm_backend.TestEndpointAvailability" name="test_epic_endpoints_exist" time="0.111" /><testcase classname="tests.test_jarlpm_backend.TestEndpointAvailability" name="test_llm_provider_endpoints_exist" time="0.036" /></testsuite></testsuites>