<?xml version="1.0" encoding="utf-8"?><testsuites name="pytest tests"><testsuite name="pytest" errors="0" failures="1" skipped="0" tests="34" time="9.220" timestamp="2026-02-02T21:48:20.916603+00:00" hostname="agent-env-6e87a46c-68ab-4b09-acc7-f5dba342e328"><testcase classname="tests.test_scoring_api.TestScoringOptions" name="test_get_scoring_options_success" time="0.588" /><testcase classname="tests.test_scoring_api.TestEpicMoSCoWScoring" name="test_get_epic_moscow_success" time="0.210" /><testcase classname="tests.test_scoring_api.TestEpicMoSCoWScoring" name="test_get_epic_moscow_not_found" time="0.385" /><testcase classname="tests.test_scoring_api.TestEpicMoSCoWScoring" name="test_update_epic_moscow_must_have" time="0.538" /><testcase classname="tests.test_scoring_api.TestEpicMoSCoWScoring" name="test_update_epic_moscow_should_have" time="0.458" /><testcase classname="tests.test_scoring_api.TestEpicMoSCoWScoring" name="test_update_epic_moscow_could_have" time="0.432" /><testcase classname="tests.test_scoring_api.TestEpicMoSCoWScoring" name="test_update_epic_moscow_wont_have" time="0.437" /><testcase classname="tests.test_scoring_api.TestEpicMoSCoWScoring" name="test_update_epic_moscow_invalid_score" time="0.293" /><testcase classname="tests.test_scoring_api.TestEpicMoSCoWScoring" name="test_update_epic_moscow_not_found" time="0.212"><failure message="assert 400 == 404&#10; +  where 400 = &lt;Response [400]&gt;.status_code">tests/test_scoring_api.py:138: in test_update_epic_moscow_not_found
    assert response.status_code == 404
E   assert 400 == 404
E    +  where 400 = &lt;Response [400]&gt;.status_code</failure></testcase><testcase classname="tests.test_scoring_api.TestFeatureScoring" name="test_get_feature_scores_success" time="0.210" /><testcase classname="tests.test_scoring_api.TestFeatureScoring" name="test_get_feature_scores_not_found" time="0.230" /><testcase classname="tests.test_scoring_api.TestFeatureScoring" name="test_update_feature_moscow_success" time="0.434" /><testcase classname="tests.test_scoring_api.TestFeatureScoring" name="test_update_feature_moscow_invalid" time="0.208" /><testcase classname="tests.test_scoring_api.TestFeatureScoring" name="test_update_feature_rice_success" time="0.496" /><testcase classname="tests.test_scoring_api.TestFeatureScoring" name="test_update_feature_rice_invalid_reach" time="0.009" /><testcase classname="tests.test_scoring_api.TestFeatureScoring" name="test_update_feature_rice_invalid_impact" time="0.204" /><testcase classname="tests.test_scoring_api.TestFeatureScoring" name="test_update_feature_rice_invalid_confidence" time="0.207" /><testcase classname="tests.test_scoring_api.TestFeatureScoring" name="test_update_feature_rice_invalid_effort" time="0.009" /><testcase classname="tests.test_scoring_api.TestUserStoryRICEScoring" name="test_get_story_rice_success" time="0.206" /><testcase classname="tests.test_scoring_api.TestUserStoryRICEScoring" name="test_get_story_rice_not_found" time="0.238" /><testcase classname="tests.test_scoring_api.TestUserStoryRICEScoring" name="test_update_story_rice_success" time="0.433" /><testcase classname="tests.test_scoring_api.TestUserStoryRICEScoring" name="test_update_story_rice_invalid_values" time="0.050" /><testcase classname="tests.test_scoring_api.TestBugRICEScoring" name="test_get_bug_rice_success" time="0.218" /><testcase classname="tests.test_scoring_api.TestBugRICEScoring" name="test_get_bug_rice_not_found" time="0.235" /><testcase classname="tests.test_scoring_api.TestBugRICEScoring" name="test_update_bug_rice_success" time="0.436" /><testcase classname="tests.test_scoring_api.TestBugRICEScoring" name="test_update_bug_rice_invalid_values" time="0.203" /><testcase classname="tests.test_scoring_api.TestScoringAuthentication" name="test_scoring_options_no_auth" time="0.060" /><testcase classname="tests.test_scoring_api.TestScoringAuthentication" name="test_epic_moscow_no_auth" time="0.038" /><testcase classname="tests.test_scoring_api.TestScoringAuthentication" name="test_feature_scores_no_auth" time="0.041" /><testcase classname="tests.test_scoring_api.TestScoringAuthentication" name="test_story_rice_no_auth" time="0.036" /><testcase classname="tests.test_scoring_api.TestScoringAuthentication" name="test_bug_rice_no_auth" time="0.043" /><testcase classname="tests.test_scoring_api.TestRICECalculation" name="test_rice_calculation_feature" time="0.402" /><testcase classname="tests.test_scoring_api.TestRICECalculation" name="test_rice_calculation_minimum_values" time="0.387" /><testcase classname="tests.test_scoring_api.TestRICECalculation" name="test_rice_calculation_maximum_values" time="0.376" /></testsuite></testsuites>