<?xml version="1.0" encoding="utf-8"?><testsuites name="pytest tests"><testsuite name="pytest" errors="0" failures="0" skipped="0" tests="23" time="31.149" timestamp="2026-01-13T04:26:06.962137+00:00" hostname="agent-env-2f1d8d59-fe6c-4ad7-bc68-4b35d1981234"><testcase classname="tests.test_feature_api.TestFeatureListEndpoint" name="test_list_features_for_locked_epic" time="1.421" /><testcase classname="tests.test_feature_api.TestFeatureListEndpoint" name="test_list_features_nonexistent_epic" time="0.309" /><testcase classname="tests.test_feature_api.TestFeatureListEndpoint" name="test_list_features_unauthenticated" time="0.054" /><testcase classname="tests.test_feature_api.TestFeatureCreateEndpoint" name="test_create_feature_manual" time="1.169" /><testcase classname="tests.test_feature_api.TestFeatureCreateEndpoint" name="test_create_feature_ai_generated" time="0.840" /><testcase classname="tests.test_feature_api.TestFeatureCreateEndpoint" name="test_create_feature_without_criteria" time="0.831" /><testcase classname="tests.test_feature_api.TestFeatureCreateEndpoint" name="test_create_feature_missing_title" time="0.050" /><testcase classname="tests.test_feature_api.TestFeatureCreateEndpoint" name="test_create_feature_missing_description" time="0.043" /><testcase classname="tests.test_feature_api.TestFeatureGetEndpoint" name="test_get_feature" time="1.098" /><testcase classname="tests.test_feature_api.TestFeatureGetEndpoint" name="test_get_nonexistent_feature" time="0.243" /><testcase classname="tests.test_feature_api.TestFeatureUpdateEndpoint" name="test_update_feature" time="1.758" /><testcase classname="tests.test_feature_api.TestFeatureUpdateEndpoint" name="test_update_partial" time="1.384" /><testcase classname="tests.test_feature_api.TestFeatureDeleteEndpoint" name="test_delete_feature" time="1.036" /><testcase classname="tests.test_feature_api.TestFeatureDeleteEndpoint" name="test_delete_nonexistent_feature" time="0.252" /><testcase classname="tests.test_feature_api.TestFeatureApproveEndpoint" name="test_approve_feature" time="1.886" /><testcase classname="tests.test_feature_api.TestFeatureApproveEndpoint" name="test_approve_already_approved_feature" time="1.954" /><testcase classname="tests.test_feature_api.TestFeatureApproveEndpoint" name="test_cannot_update_approved_feature" time="1.940" /><testcase classname="tests.test_feature_api.TestFeatureConversationEndpoint" name="test_get_conversation_empty" time="1.073" /><testcase classname="tests.test_feature_api.TestFeatureLifecycle" name="test_full_lifecycle" time="2.757" /><testcase classname="tests.test_feature_api.TestFeatureGenerateEndpoint" name="test_generate_features_endpoint_exists" time="1.421" /><testcase classname="tests.test_feature_api.TestFeatureChatEndpoint" name="test_chat_endpoint_exists" time="2.625" /><testcase classname="tests.test_feature_api.TestFeatureChatEndpoint" name="test_chat_moves_to_refining_stage" time="4.279" /><testcase classname="tests.test_feature_api.TestFeatureChatEndpoint" name="test_cannot_chat_with_approved_feature" time="2.620" /></testsuite></testsuites>