<?xml version="1.0" encoding="utf-8"?><testsuites name="pytest tests"><testsuite name="pytest" errors="0" failures="0" skipped="0" tests="14" time="12.399" timestamp="2026-01-13T02:14:28.547724+00:00" hostname="agent-env-7981a28a-e16e-4120-9a56-822abb3861d7"><testcase classname="tests.test_jarlpm_authenticated.TestAuthenticatedAuthEndpoints" name="test_get_current_user" time="1.759" /><testcase classname="tests.test_jarlpm_authenticated.TestAuthenticatedSubscriptionEndpoints" name="test_get_subscription_status" time="0.248" /><testcase classname="tests.test_jarlpm_authenticated.TestAuthenticatedLLMProviderEndpoints" name="test_list_llm_providers_empty" time="0.250" /><testcase classname="tests.test_jarlpm_authenticated.TestAuthenticatedEpicCRUD" name="test_list_epics_empty" time="0.250" /><testcase classname="tests.test_jarlpm_authenticated.TestAuthenticatedEpicCRUD" name="test_create_epic" time="0.667" /><testcase classname="tests.test_jarlpm_authenticated.TestAuthenticatedEpicCRUD" name="test_create_and_get_epic" time="1.517" /><testcase classname="tests.test_jarlpm_authenticated.TestAuthenticatedEpicCRUD" name="test_create_and_delete_epic" time="1.549" /><testcase classname="tests.test_jarlpm_authenticated.TestAuthenticatedEpicCRUD" name="test_get_nonexistent_epic" time="0.246" /><testcase classname="tests.test_jarlpm_authenticated.TestAuthenticatedEpicCRUD" name="test_delete_nonexistent_epic" time="0.283" /><testcase classname="tests.test_jarlpm_authenticated.TestEpicTranscriptAndDecisions" name="test_get_epic_transcript" time="1.619" /><testcase classname="tests.test_jarlpm_authenticated.TestEpicTranscriptAndDecisions" name="test_get_epic_decisions" time="1.602" /><testcase classname="tests.test_jarlpm_authenticated.TestEpicTranscriptAndDecisions" name="test_get_epic_artifacts" time="1.568" /><testcase classname="tests.test_jarlpm_authenticated.TestEpicValidation" name="test_create_epic_missing_title" time="0.049" /><testcase classname="tests.test_jarlpm_authenticated.TestEpicValidation" name="test_create_epic_empty_title" time="0.720" /></testsuite></testsuites>