<?xml version="1.0" encoding="utf-8"?><testsuites name="pytest tests"><testsuite name="pytest" errors="0" failures="1" skipped="0" tests="21" time="17.158" timestamp="2026-02-03T02:17:24.539836+00:00" hostname="agent-env-a578b0f2-409d-4712-b047-54af3370d179"><testcase classname="tests.test_auth_verification_reset.TestForgotPassword" name="test_forgot_password_existing_email" time="0.850" /><testcase classname="tests.test_auth_verification_reset.TestForgotPassword" name="test_forgot_password_nonexistent_email" time="0.179" /><testcase classname="tests.test_auth_verification_reset.TestForgotPassword" name="test_forgot_password_invalid_email_format" time="0.043" /><testcase classname="tests.test_auth_verification_reset.TestResetPassword" name="test_reset_password_valid_token" time="1.843" /><testcase classname="tests.test_auth_verification_reset.TestResetPassword" name="test_reset_password_invalid_token" time="0.208" /><testcase classname="tests.test_auth_verification_reset.TestResetPassword" name="test_reset_password_short_password" time="0.880" /><testcase classname="tests.test_auth_verification_reset.TestResetPassword" name="test_reset_password_invalidates_sessions" time="2.221" /><testcase classname="tests.test_auth_verification_reset.TestCheckToken" name="test_check_valid_password_reset_token" time="1.021" /><testcase classname="tests.test_auth_verification_reset.TestCheckToken" name="test_check_valid_email_verification_token" time="1.032" /><testcase classname="tests.test_auth_verification_reset.TestCheckToken" name="test_check_invalid_token" time="0.178" /><testcase classname="tests.test_auth_verification_reset.TestCheckToken" name="test_check_used_token" time="1.541" /><testcase classname="tests.test_auth_verification_reset.TestVerifyEmail" name="test_verify_email_valid_token" time="1.130" /><testcase classname="tests.test_auth_verification_reset.TestVerifyEmail" name="test_verify_email_invalid_token" time="0.207" /><testcase classname="tests.test_auth_verification_reset.TestResendVerification" name="test_resend_verification_existing_user" time="0.809" /><testcase classname="tests.test_auth_verification_reset.TestResendVerification" name="test_resend_verification_nonexistent_email" time="0.176" /><testcase classname="tests.test_auth_verification_reset.TestGetCurrentUserEmailVerified" name="test_me_includes_email_verified_field" time="0.726" /><testcase classname="tests.test_auth_verification_reset.TestGetCurrentUserEmailVerified" name="test_me_email_verified_after_verification" time="1.285" /><testcase classname="tests.test_auth_verification_reset.TestSubscriptionStatus" name="test_subscription_status_authenticated" time="0.722" /><testcase classname="tests.test_auth_verification_reset.TestSubscriptionStatus" name="test_subscription_status_unauthenticated" time="0.035" /><testcase classname="tests.test_auth_verification_reset.TestCheckoutGracefulFailure" name="test_checkout_fails_gracefully_without_stripe_key" time="0.772"><failure message="assert 520 == 500&#10; +  where 520 = &lt;Response [520]&gt;.status_code">tests/test_auth_verification_reset.py:553: in test_checkout_fails_gracefully_without_stripe_key
    assert response.status_code == 500
E   assert 520 == 500
E    +  where 520 = &lt;Response [520]&gt;.status_code</failure></testcase><testcase classname="tests.test_auth_verification_reset.TestSignupCreatesVerificationToken" name="test_signup_creates_verification_token" time="1.136" /></testsuite></testsuites>