<?xml version="1.0" encoding="utf-8"?><testsuites name="pytest tests"><testsuite name="pytest" errors="0" failures="0" skipped="0" tests="26" time="39.577" timestamp="2026-01-13T05:19:11.340265+00:00" hostname="agent-env-2f1d8d59-fe6c-4ad7-bc68-4b35d1981234"><testcase classname="tests.test_user_story_api.TestUserStoryListEndpoint" name="test_list_stories_for_approved_feature" time="1.357" /><testcase classname="tests.test_user_story_api.TestUserStoryListEndpoint" name="test_list_stories_nonexistent_feature" time="0.258" /><testcase classname="tests.test_user_story_api.TestUserStoryListEndpoint" name="test_list_stories_unauthenticated" time="0.042" /><testcase classname="tests.test_user_story_api.TestUserStoryCreateEndpoint" name="test_create_story_manual" time="1.195" /><testcase classname="tests.test_user_story_api.TestUserStoryCreateEndpoint" name="test_create_story_ai_generated" time="0.875" /><testcase classname="tests.test_user_story_api.TestUserStoryCreateEndpoint" name="test_create_story_without_criteria" time="0.872" /><testcase classname="tests.test_user_story_api.TestUserStoryCreateEndpoint" name="test_create_story_missing_persona" time="0.041" /><testcase classname="tests.test_user_story_api.TestUserStoryCreateEndpoint" name="test_create_story_missing_action" time="0.037" /><testcase classname="tests.test_user_story_api.TestUserStoryCreateEndpoint" name="test_create_story_missing_benefit" time="0.036" /><testcase classname="tests.test_user_story_api.TestUserStoryGetEndpoint" name="test_get_story" time="1.162" /><testcase classname="tests.test_user_story_api.TestUserStoryGetEndpoint" name="test_get_nonexistent_story" time="0.254" /><testcase classname="tests.test_user_story_api.TestUserStoryUpdateEndpoint" name="test_update_story" time="1.800" /><testcase classname="tests.test_user_story_api.TestUserStoryUpdateEndpoint" name="test_update_partial" time="1.530" /><testcase classname="tests.test_user_story_api.TestUserStoryDeleteEndpoint" name="test_delete_story" time="1.226" /><testcase classname="tests.test_user_story_api.TestUserStoryDeleteEndpoint" name="test_delete_nonexistent_story" time="0.252" /><testcase classname="tests.test_user_story_api.TestUserStoryApproveEndpoint" name="test_approve_story" time="2.079" /><testcase classname="tests.test_user_story_api.TestUserStoryApproveEndpoint" name="test_approve_already_approved_story" time="2.124" /><testcase classname="tests.test_user_story_api.TestUserStoryApproveEndpoint" name="test_cannot_update_approved_story" time="2.151" /><testcase classname="tests.test_user_story_api.TestUserStoryConversationEndpoint" name="test_get_conversation_empty" time="1.156" /><testcase classname="tests.test_user_story_api.TestUserStoryLifecycle" name="test_full_lifecycle" time="2.720" /><testcase classname="tests.test_user_story_api.TestUserStoryGenerateEndpoint" name="test_generate_stories_endpoint_exists" time="0.993" /><testcase classname="tests.test_user_story_api.TestUserStoryChatEndpoint" name="test_chat_endpoint_exists" time="2.782" /><testcase classname="tests.test_user_story_api.TestUserStoryChatEndpoint" name="test_chat_moves_to_refining_stage" time="5.163" /><testcase classname="tests.test_user_story_api.TestUserStoryChatEndpoint" name="test_cannot_chat_with_approved_story" time="3.091" /><testcase classname="tests.test_user_story_api.TestUserStoryFormat" name="test_story_text_format" time="0.893" /><testcase classname="tests.test_user_story_api.TestUserStoryFormat" name="test_story_points_values" time="5.314" /></testsuite></testsuites>