<?xml version="1.0" encoding="utf-8"?><testsuites name="pytest tests"><testsuite name="pytest" errors="0" failures="1" skipped="4" tests="23" time="8.491" timestamp="2026-02-06T17:01:25.326623+00:00" hostname="agent-env-3ed5a51a-ba97-4fde-963b-4f0852f3210d"><testcase classname="tests.test_sessionless_streaming.TestBackendHealth" name="test_health_endpoint" time="0.074" /><testcase classname="tests.test_sessionless_streaming.TestAuthentication" name="test_login_works" time="0.637"><failure message="assert None is not None">tests/test_sessionless_streaming.py:51: in test_login_works
    assert auth_token is not None
E   assert None is not None</failure></testcase><testcase classname="tests.test_sessionless_streaming.TestInitiativeGeneration" name="test_initiative_generate_accessible" time="0.740" /><testcase classname="tests.test_sessionless_streaming.TestInitiativeGeneration" name="test_initiative_generate_requires_auth" time="0.041" /><testcase classname="tests.test_sessionless_streaming.TestSprintAIEndpoints" name="test_kickoff_plan_accessible" time="0.742" /><testcase classname="tests.test_sessionless_streaming.TestSprintAIEndpoints" name="test_standup_summary_accessible" time="0.213" /><testcase classname="tests.test_sessionless_streaming.TestSprintAIEndpoints" name="test_wip_suggestions_accessible" time="0.218" /><testcase classname="tests.test_sessionless_streaming.TestSprintAIEndpoints" name="test_sprint_endpoints_require_auth" time="0.108" /><testcase classname="tests.test_sessionless_streaming.TestDeliveryRealityAIEndpoints" name="test_cut_rationale_accessible" time="0.911" /><testcase classname="tests.test_sessionless_streaming.TestDeliveryRealityAIEndpoints" name="test_alternative_cuts_accessible" time="0.212" /><testcase classname="tests.test_sessionless_streaming.TestDeliveryRealityAIEndpoints" name="test_risk_review_accessible" time="0.211" /><testcase classname="tests.test_sessionless_streaming.TestDeliveryRealityAIEndpoints" name="test_delivery_reality_endpoints_require_auth" time="0.111" /><testcase classname="tests.test_sessionless_streaming.TestFeatureGeneration" name="test_feature_generate_accessible" time="0.714"><skipped type="pytest.skip" message="No locked epic available for testing">/app/backend/tests/test_sessionless_streaming.py:299: No locked epic available for testing</skipped></testcase><testcase classname="tests.test_sessionless_streaming.TestFeatureGeneration" name="test_feature_generate_requires_auth" time="0.041" /><testcase classname="tests.test_sessionless_streaming.TestUserStoryGeneration" name="test_story_generate_accessible" time="0.728"><skipped type="pytest.skip" message="No approved feature available for testing">/app/backend/tests/test_sessionless_streaming.py:369: No approved feature available for testing</skipped></testcase><testcase classname="tests.test_sessionless_streaming.TestUserStoryGeneration" name="test_story_generate_requires_auth" time="0.034" /><testcase classname="tests.test_sessionless_streaming.TestEpicChat" name="test_epic_chat_accessible" time="0.699"><skipped type="pytest.skip" message="No epic available for testing">/app/backend/tests/test_sessionless_streaming.py:428: No epic available for testing</skipped></testcase><testcase classname="tests.test_sessionless_streaming.TestEpicChat" name="test_epic_chat_requires_auth" time="0.034" /><testcase classname="tests.test_sessionless_streaming.TestBugAIEndpoints" name="test_bug_ai_chat_accessible" time="0.697" /><testcase classname="tests.test_sessionless_streaming.TestBugAIEndpoints" name="test_bug_ai_chat_requires_auth" time="0.074" /><testcase classname="tests.test_sessionless_streaming.TestScoringAIEndpoints" name="test_epic_moscow_suggest_accessible" time="0.699"><skipped type="pytest.skip" message="No locked epic available for testing">/app/backend/tests/test_sessionless_streaming.py:532: No locked epic available for testing</skipped></testcase><testcase classname="tests.test_sessionless_streaming.TestBackendImports" name="test_backend_started_successfully" time="0.033" /><testcase classname="tests.test_sessionless_streaming.TestBackendImports" name="test_all_routes_registered" time="0.367" /></testsuite></testsuites>