<?xml version="1.0" encoding="utf-8"?><testsuites name="pytest tests"><testsuite name="pytest" errors="0" failures="0" skipped="0" tests="10" time="18.099" timestamp="2026-01-13T15:31:24.659678+00:00" hostname="agent-env-a287a21a-bc75-4cfc-b26d-89f666370cb2"><testcase classname="tests.test_ai_bug_creation.TestAIBugCreation" name="test_ai_chat_endpoint_returns_streaming_response" time="1.946" /><testcase classname="tests.test_ai_bug_creation.TestAIBugCreation" name="test_ai_chat_asks_about_problem_first" time="2.337" /><testcase classname="tests.test_ai_bug_creation.TestAIBugCreation" name="test_ai_chat_continues_conversation" time="2.065" /><testcase classname="tests.test_ai_bug_creation.TestAIBugCreation" name="test_ai_chat_generates_proposal_with_enough_info" time="4.335" /><testcase classname="tests.test_ai_bug_creation.TestAIBugCreation" name="test_create_bug_from_proposal_success" time="1.976" /><testcase classname="tests.test_ai_bug_creation.TestAIBugCreation" name="test_create_bug_from_proposal_validates_severity" time="0.979" /><testcase classname="tests.test_ai_bug_creation.TestAIBugCreation" name="test_create_bug_from_proposal_validates_priority" time="0.917" /><testcase classname="tests.test_ai_bug_creation.TestAIBugCreation" name="test_create_bug_from_proposal_optional_fields" time="1.695" /><testcase classname="tests.test_ai_bug_creation.TestAIBugCreation" name="test_ai_chat_requires_authentication" time="0.973" /><testcase classname="tests.test_ai_bug_creation.TestAIBugCreation" name="test_create_from_proposal_requires_authentication" time="0.758" /></testsuite></testsuites>