<?xml version="1.0" encoding="utf-8"?><testsuites name="pytest tests"><testsuite name="pytest" errors="0" failures="0" skipped="0" tests="17" time="11.024" timestamp="2026-01-13T16:38:58.206685+00:00" hostname="agent-env-21539842-3f5a-4477-8fce-7331e96378ad"><testcase classname="tests.test_persona_api.TestPersonaSettings" name="test_get_settings_unauthenticated" time="0.056" /><testcase classname="tests.test_persona_api.TestPersonaSettings" name="test_get_settings" time="0.995" /><testcase classname="tests.test_persona_api.TestPersonaSettings" name="test_update_settings" time="0.935" /><testcase classname="tests.test_persona_api.TestPersonaSettings" name="test_update_settings_count_capped" time="1.861" /><testcase classname="tests.test_persona_api.TestPersonaCRUD" name="test_list_personas_unauthenticated" time="0.032" /><testcase classname="tests.test_persona_api.TestPersonaCRUD" name="test_list_personas" time="0.759" /><testcase classname="tests.test_persona_api.TestPersonaCRUD" name="test_list_personas_with_search" time="0.717" /><testcase classname="tests.test_persona_api.TestPersonaCRUD" name="test_get_persona_not_found" time="0.816" /><testcase classname="tests.test_persona_api.TestPersonaCRUD" name="test_update_persona_not_found" time="0.753" /><testcase classname="tests.test_persona_api.TestPersonaCRUD" name="test_delete_persona_not_found" time="0.740" /><testcase classname="tests.test_persona_api.TestPersonaForEpic" name="test_list_personas_for_epic_unauthenticated" time="0.035" /><testcase classname="tests.test_persona_api.TestPersonaForEpic" name="test_list_personas_for_epic" time="0.979" /><testcase classname="tests.test_persona_api.TestPersonaGeneration" name="test_generate_personas_unauthenticated" time="0.031" /><testcase classname="tests.test_persona_api.TestPersonaGeneration" name="test_generate_personas_invalid_epic" time="0.774" /><testcase classname="tests.test_persona_api.TestPersonaGeneration" name="test_generate_personas_requires_completed_epic" time="0.682" /><testcase classname="tests.test_persona_api.TestRegeneratePortrait" name="test_regenerate_portrait_unauthenticated" time="0.032" /><testcase classname="tests.test_persona_api.TestRegeneratePortrait" name="test_regenerate_portrait_not_found" time="0.750" /></testsuite></testsuites>