<?xml version="1.0" encoding="utf-8"?><testsuites name="pytest tests"><testsuite name="pytest" errors="0" failures="0" skipped="12" tests="22" time="10.477" timestamp="2026-01-13T06:05:55.975242+00:00" hostname="agent-env-a287a21a-bc75-4cfc-b26d-89f666370cb2"><testcase classname="tests.test_lock_policy.TestLoginFunctionality" name="test_test_login_endpoint" time="0.778" /><testcase classname="tests.test_lock_policy.TestLoginFunctionality" name="test_get_current_user" time="0.260" /><testcase classname="tests.test_lock_policy.TestLoginFunctionality" name="test_unauthenticated_request_fails" time="0.041" /><testcase classname="tests.test_lock_policy.TestEpicPermissionsEndpoint" name="test_permissions_for_draft_epic" time="2.096" /><testcase classname="tests.test_lock_policy.TestEpicPermissionsEndpoint" name="test_permissions_nonexistent_epic" time="0.230" /><testcase classname="tests.test_lock_policy.TestEpicPermissionsEndpoint" name="test_permissions_unauthenticated" time="0.040" /><testcase classname="tests.test_lock_policy.TestFeatureLockPolicyViaAPI" name="test_update_draft_feature_succeeds" time="0.232"><skipped type="pytest.skip" message="No locked epic available for testing - need to create one via full workflow">/app/tests/test_lock_policy.py:179: No locked epic available for testing - need to create one via full workflow</skipped></testcase><testcase classname="tests.test_lock_policy.TestFeatureLockPolicyViaAPI" name="test_update_approved_feature_fails" time="0.209"><skipped type="pytest.skip" message="No locked epic available for testing">/app/tests/test_lock_policy.py:231: No locked epic available for testing</skipped></testcase><testcase classname="tests.test_lock_policy.TestFeatureLockPolicyViaAPI" name="test_delete_draft_feature_succeeds" time="0.200"><skipped type="pytest.skip" message="No locked epic available for testing">/app/tests/test_lock_policy.py:287: No locked epic available for testing</skipped></testcase><testcase classname="tests.test_lock_policy.TestFeatureLockPolicyViaAPI" name="test_delete_approved_feature_succeeds" time="0.199"><skipped type="pytest.skip" message="No locked epic available for testing">/app/tests/test_lock_policy.py:336: No locked epic available for testing</skipped></testcase><testcase classname="tests.test_lock_policy.TestUserStoryLockPolicyViaAPI" name="test_update_draft_story_succeeds" time="0.218"><skipped type="pytest.skip" message="No locked epic available for testing">/app/tests/test_lock_policy.py:388: No locked epic available for testing</skipped></testcase><testcase classname="tests.test_lock_policy.TestUserStoryLockPolicyViaAPI" name="test_update_approved_story_fails" time="0.202"><skipped type="pytest.skip" message="No locked epic available for testing">/app/tests/test_lock_policy.py:458: No locked epic available for testing</skipped></testcase><testcase classname="tests.test_lock_policy.TestUserStoryLockPolicyViaAPI" name="test_delete_draft_story_succeeds" time="0.207"><skipped type="pytest.skip" message="No locked epic available for testing">/app/tests/test_lock_policy.py:530: No locked epic available for testing</skipped></testcase><testcase classname="tests.test_lock_policy.TestUserStoryLockPolicyViaAPI" name="test_delete_approved_story_succeeds" time="0.202"><skipped type="pytest.skip" message="No locked epic available for testing">/app/tests/test_lock_policy.py:594: No locked epic available for testing</skipped></testcase><testcase classname="tests.test_lock_policy.TestEpicCreationAndTransition" name="test_create_epic" time="1.186" /><testcase classname="tests.test_lock_policy.TestEpicCreationAndTransition" name="test_get_epic" time="1.420" /><testcase classname="tests.test_lock_policy.TestEpicCreationAndTransition" name="test_list_epics" time="0.209" /><testcase classname="tests.test_lock_policy.TestEpicCreationAndTransition" name="test_delete_epic" time="1.654" /><testcase classname="tests.test_lock_policy.TestFeatureCreationAndApproval" name="test_create_feature_for_locked_epic" time="0.210"><skipped type="pytest.skip" message="No locked epic available for testing">/app/tests/test_lock_policy.py:751: No locked epic available for testing</skipped></testcase><testcase classname="tests.test_lock_policy.TestFeatureCreationAndApproval" name="test_approve_feature_locks_it" time="0.202"><skipped type="pytest.skip" message="No locked epic available for testing">/app/tests/test_lock_policy.py:789: No locked epic available for testing</skipped></testcase><testcase classname="tests.test_lock_policy.TestUserStoryCreationAndApproval" name="test_create_story_for_approved_feature" time="0.203"><skipped type="pytest.skip" message="No locked epic available for testing">/app/tests/test_lock_policy.py:848: No locked epic available for testing</skipped></testcase><testcase classname="tests.test_lock_policy.TestUserStoryCreationAndApproval" name="test_approve_story_locks_it" time="0.222"><skipped type="pytest.skip" message="No locked epic available for testing">/app/tests/test_lock_policy.py:904: No locked epic available for testing</skipped></testcase></testsuite></testsuites>