<?xml version="1.0" encoding="utf-8"?><testsuites name="pytest tests"><testsuite name="pytest" errors="0" failures="5" skipped="0" tests="10" time="8.767" timestamp="2026-02-03T00:30:55.932177+00:00" hostname="agent-env-6e87a46c-68ab-4b09-acc7-f5dba342e328"><testcase classname="tests.test_epic_cascade_delete.TestEpicCreationAPI" name="test_create_epic" time="2.057" /><testcase classname="tests.test_epic_cascade_delete.TestEpicCreationAPI" name="test_create_epic_returns_snapshot" time="1.345" /><testcase classname="tests.test_epic_cascade_delete.TestEpicDeleteAPI" name="test_delete_epic_returns_200" time="1.258" /><testcase classname="tests.test_epic_cascade_delete.TestEpicDeleteAPI" name="test_deleted_epic_returns_404" time="1.553" /><testcase classname="tests.test_epic_cascade_delete.TestEpicDeleteAPI" name="test_delete_nonexistent_epic_returns_404" time="0.235" /><testcase classname="tests.test_epic_cascade_delete.TestCascadeDeleteFeatures" name="test_cascade_delete_features" time="0.591"><failure message="psycopg2.errors.NotNullViolation: null value in column &quot;version&quot; of relation &quot;user_stories&quot; violates not-null constraint&#10;DETAIL:  Failing row contains (5, story_cascade_cc531374, feat_cascade_343f6ac8, null, cascade user, test cascade, verify cascade, As a cascade user, I want to test cascade so that verify cascade..., null, null, draft, manual, null, null, null, null, null, null, null, null, null, null, null, 2026-02-03 00:31:02.923314+00, 2026-02-03 00:31:02.923314+00, null).">tests/test_epic_cascade_delete.py:258: in test_cascade_delete_features
    data = create_locked_epic_with_children(test_user_id)
           ^^^^^^^^^^^^^^^^^^^^^^^^^^^^^^^^^^^^^^^^^^^^^^
tests/test_epic_cascade_delete.py:235: in create_locked_epic_with_children
    cur.execute("""
E   psycopg2.errors.NotNullViolation: null value in column "version" of relation "user_stories" violates not-null constraint
E   DETAIL:  Failing row contains (5, story_cascade_cc531374, feat_cascade_343f6ac8, null, cascade user, test cascade, verify cascade, As a cascade user, I want to test cascade so that verify cascade..., null, null, draft, manual, null, null, null, null, null, null, null, null, null, null, null, 2026-02-03 00:31:02.923314+00, 2026-02-03 00:31:02.923314+00, null).</failure></testcase><testcase classname="tests.test_epic_cascade_delete.TestCascadeDeleteUserStories" name="test_cascade_delete_user_stories" time="0.387"><failure message="psycopg2.errors.NotNullViolation: null value in column &quot;version&quot; of relation &quot;user_stories&quot; violates not-null constraint&#10;DETAIL:  Failing row contains (6, story_cascade_86ea6554, feat_cascade_74d393a8, null, cascade user, test cascade, verify cascade, As a cascade user, I want to test cascade so that verify cascade..., null, null, draft, manual, null, null, null, null, null, null, null, null, null, null, null, 2026-02-03 00:31:03.317039+00, 2026-02-03 00:31:03.317039+00, null).">tests/test_epic_cascade_delete.py:297: in test_cascade_delete_user_stories
    data = create_locked_epic_with_children(test_user_id)
           ^^^^^^^^^^^^^^^^^^^^^^^^^^^^^^^^^^^^^^^^^^^^^^
tests/test_epic_cascade_delete.py:235: in create_locked_epic_with_children
    cur.execute("""
E   psycopg2.errors.NotNullViolation: null value in column "version" of relation "user_stories" violates not-null constraint
E   DETAIL:  Failing row contains (6, story_cascade_86ea6554, feat_cascade_74d393a8, null, cascade user, test cascade, verify cascade, As a cascade user, I want to test cascade so that verify cascade..., null, null, draft, manual, null, null, null, null, null, null, null, null, null, null, null, 2026-02-03 00:31:03.317039+00, 2026-02-03 00:31:03.317039+00, null).</failure></testcase><testcase classname="tests.test_epic_cascade_delete.TestCascadeDeleteTranscriptEvents" name="test_cascade_delete_transcript_events" time="0.389"><failure message="psycopg2.errors.NotNullViolation: null value in column &quot;version&quot; of relation &quot;user_stories&quot; violates not-null constraint&#10;DETAIL:  Failing row contains (7, story_cascade_1a4480ce, feat_cascade_6c434f6b, null, cascade user, test cascade, verify cascade, As a cascade user, I want to test cascade so that verify cascade..., null, null, draft, manual, null, null, null, null, null, null, null, null, null, null, null, 2026-02-03 00:31:03.713189+00, 2026-02-03 00:31:03.713189+00, null).">tests/test_epic_cascade_delete.py:336: in test_cascade_delete_transcript_events
    data = create_locked_epic_with_children(test_user_id)
           ^^^^^^^^^^^^^^^^^^^^^^^^^^^^^^^^^^^^^^^^^^^^^^
tests/test_epic_cascade_delete.py:235: in create_locked_epic_with_children
    cur.execute("""
E   psycopg2.errors.NotNullViolation: null value in column "version" of relation "user_stories" violates not-null constraint
E   DETAIL:  Failing row contains (7, story_cascade_1a4480ce, feat_cascade_6c434f6b, null, cascade user, test cascade, verify cascade, As a cascade user, I want to test cascade so that verify cascade..., null, null, draft, manual, null, null, null, null, null, null, null, null, null, null, null, 2026-02-03 00:31:03.713189+00, 2026-02-03 00:31:03.713189+00, null).</failure></testcase><testcase classname="tests.test_epic_cascade_delete.TestCascadeDeleteSnapshots" name="test_cascade_delete_snapshots" time="0.382"><failure message="psycopg2.errors.NotNullViolation: null value in column &quot;version&quot; of relation &quot;user_stories&quot; violates not-null constraint&#10;DETAIL:  Failing row contains (8, story_cascade_be25c395, feat_cascade_b0c0f5e5, null, cascade user, test cascade, verify cascade, As a cascade user, I want to test cascade so that verify cascade..., null, null, draft, manual, null, null, null, null, null, null, null, null, null, null, null, 2026-02-03 00:31:04.103504+00, 2026-02-03 00:31:04.103504+00, null).">tests/test_epic_cascade_delete.py:376: in test_cascade_delete_snapshots
    data = create_locked_epic_with_children(test_user_id)
           ^^^^^^^^^^^^^^^^^^^^^^^^^^^^^^^^^^^^^^^^^^^^^^
tests/test_epic_cascade_delete.py:235: in create_locked_epic_with_children
    cur.execute("""
E   psycopg2.errors.NotNullViolation: null value in column "version" of relation "user_stories" violates not-null constraint
E   DETAIL:  Failing row contains (8, story_cascade_be25c395, feat_cascade_b0c0f5e5, null, cascade user, test cascade, verify cascade, As a cascade user, I want to test cascade so that verify cascade..., null, null, draft, manual, null, null, null, null, null, null, null, null, null, null, null, 2026-02-03 00:31:04.103504+00, 2026-02-03 00:31:04.103504+00, null).</failure></testcase><testcase classname="tests.test_epic_cascade_delete.TestDatabaseIntegrityAfterDelete" name="test_no_orphaned_records_after_delete" time="0.390"><failure message="psycopg2.errors.NotNullViolation: null value in column &quot;version&quot; of relation &quot;user_stories&quot; violates not-null constraint&#10;DETAIL:  Failing row contains (9, story_cascade_51724017, feat_cascade_08765389, null, cascade user, test cascade, verify cascade, As a cascade user, I want to test cascade so that verify cascade..., null, null, draft, manual, null, null, null, null, null, null, null, null, null, null, null, 2026-02-03 00:31:04.501459+00, 2026-02-03 00:31:04.501459+00, null).">tests/test_epic_cascade_delete.py:416: in test_no_orphaned_records_after_delete
    data = create_locked_epic_with_children(test_user_id)
           ^^^^^^^^^^^^^^^^^^^^^^^^^^^^^^^^^^^^^^^^^^^^^^
tests/test_epic_cascade_delete.py:235: in create_locked_epic_with_children
    cur.execute("""
E   psycopg2.errors.NotNullViolation: null value in column "version" of relation "user_stories" violates not-null constraint
E   DETAIL:  Failing row contains (9, story_cascade_51724017, feat_cascade_08765389, null, cascade user, test cascade, verify cascade, As a cascade user, I want to test cascade so that verify cascade..., null, null, draft, manual, null, null, null, null, null, null, null, null, null, null, null, 2026-02-03 00:31:04.501459+00, 2026-02-03 00:31:04.501459+00, null).</failure></testcase></testsuite></testsuites>