<?xml version="1.0" encoding="utf-8"?><testsuites name="pytest tests"><testsuite name="pytest" errors="0" failures="0" skipped="0" tests="11" time="1.177" timestamp="2026-02-04T20:06:31.037153+00:00" hostname="agent-env-5b00a663-389b-4fce-852a-bc99e238600c"><testcase classname="tests.test_poker_prd_leancanvas.TestPokerPersonasAPI" name="test_get_personas_returns_5_personas" time="0.104" /><testcase classname="tests.test_poker_prd_leancanvas.TestPokerPersonasAPI" name="test_personas_have_avatars" time="0.038" /><testcase classname="tests.test_poker_prd_leancanvas.TestPokerEstimateAPI" name="test_estimate_requires_authentication" time="0.038" /><testcase classname="tests.test_poker_prd_leancanvas.TestPokerEstimateAPI" name="test_estimate_with_invalid_story_id" time="0.263" /><testcase classname="tests.test_poker_prd_leancanvas.TestEpicsAPI" name="test_list_epics_requires_authentication" time="0.075" /><testcase classname="tests.test_poker_prd_leancanvas.TestEpicsAPI" name="test_list_epics_authenticated" time="0.200" /><testcase classname="tests.test_poker_prd_leancanvas.TestFeaturesAPI" name="test_list_features_requires_authentication" time="0.034" /><testcase classname="tests.test_poker_prd_leancanvas.TestProtectedRoutes" name="test_prd_page_protected" time="0.034" /><testcase classname="tests.test_poker_prd_leancanvas.TestProtectedRoutes" name="test_authenticated_user_can_access_api" time="0.204" /><testcase classname="tests.test_poker_prd_leancanvas.TestSidebarNavigation" name="test_poker_personas_endpoint_accessible" time="0.036" /><testcase classname="tests.test_poker_prd_leancanvas.TestSidebarNavigation" name="test_epics_endpoint_exists" time="0.037" /></testsuite></testsuites>