<?xml version="1.0" encoding="utf-8"?><testsuites name="pytest tests"><testsuite name="pytest" errors="0" failures="0" skipped="0" tests="23" time="14.417" timestamp="2026-02-05T00:36:13.268608+00:00" hostname="agent-env-0cfd0e73-dfd1-4cb4-8110-61bebe477e54"><testcase classname="tests.test_delivery_reality_api.TestDeliveryRealitySummary" name="test_summary_requires_auth" time="0.097" /><testcase classname="tests.test_delivery_reality_api.TestDeliveryRealitySummary" name="test_summary_returns_200" time="1.319" /><testcase classname="tests.test_delivery_reality_api.TestDeliveryRealitySummary" name="test_summary_has_delivery_context" time="0.798" /><testcase classname="tests.test_delivery_reality_api.TestDeliveryRealitySummary" name="test_summary_has_status_breakdown" time="0.781" /><testcase classname="tests.test_delivery_reality_api.TestDeliveryRealitySummary" name="test_summary_has_totals" time="0.785" /><testcase classname="tests.test_delivery_reality_api.TestDeliveryRealitySummary" name="test_summary_capacity_calculation" time="0.758" /><testcase classname="tests.test_delivery_reality_api.TestDeliveryRealityInitiatives" name="test_initiatives_requires_auth" time="0.036" /><testcase classname="tests.test_delivery_reality_api.TestDeliveryRealityInitiatives" name="test_initiatives_returns_200" time="0.774" /><testcase classname="tests.test_delivery_reality_api.TestDeliveryRealityInitiatives" name="test_initiatives_has_delivery_context" time="0.769" /><testcase classname="tests.test_delivery_reality_api.TestDeliveryRealityInitiatives" name="test_initiatives_has_list" time="0.759" /><testcase classname="tests.test_delivery_reality_api.TestDeliveryRealityInitiatives" name="test_initiative_item_structure" time="1.651" /><testcase classname="tests.test_delivery_reality_api.TestDeliveryRealityInitiatives" name="test_initiative_assessment_values" time="0.769" /><testcase classname="tests.test_delivery_reality_api.TestDeliveryRealityInitiativeDetail" name="test_initiative_detail_requires_auth" time="0.053" /><testcase classname="tests.test_delivery_reality_api.TestDeliveryRealityInitiativeDetail" name="test_initiative_detail_returns_200" time="0.238" /><testcase classname="tests.test_delivery_reality_api.TestDeliveryRealityInitiativeDetail" name="test_initiative_detail_404_for_nonexistent" time="0.201" /><testcase classname="tests.test_delivery_reality_api.TestDeliveryRealityInitiativeDetail" name="test_initiative_detail_structure" time="0.255" /><testcase classname="tests.test_delivery_reality_api.TestDeliveryRealityInitiativeDetail" name="test_initiative_detail_recommended_defer_is_list" time="0.252" /><testcase classname="tests.test_delivery_reality_api.TestDeliveryRealityInitiativeDetail" name="test_initiative_detail_points_breakdown_sum" time="0.233" /><testcase classname="tests.test_delivery_reality_api.TestDeliveryRealityInitiativeDetail" name="test_initiative_detail_delta_calculation" time="0.230" /><testcase classname="tests.test_delivery_reality_api.TestDeliveryRealityAssessmentLogic" name="test_on_track_when_under_capacity" time="0.226" /><testcase classname="tests.test_delivery_reality_api.TestDeliveryRealityAssessmentLogic" name="test_assessment_values_are_valid" time="0.780" /><testcase classname="tests.test_delivery_reality_api.TestDeliveryRealityNoCapacityScenario" name="test_no_capacity_shows_zero" time="0.799" /><testcase classname="tests.test_delivery_reality_api.TestDeliveryRealityNoCapacityScenario" name="test_no_capacity_all_on_track" time="1.741" /></testsuite></testsuites>