<?xml version="1.0" encoding="utf-8"?><testsuites name="pytest tests"><testsuite name="pytest" errors="0" failures="0" skipped="0" tests="22" time="34.144" timestamp="2026-01-13T06:06:21.295944+00:00" hostname="agent-env-a287a21a-bc75-4cfc-b26d-89f666370cb2"><testcase classname="tests.test_lock_policy.TestLoginFunctionality" name="test_test_login_endpoint" time="0.445" /><testcase classname="tests.test_lock_policy.TestLoginFunctionality" name="test_get_current_user" time="0.205" /><testcase classname="tests.test_lock_policy.TestLoginFunctionality" name="test_unauthenticated_request_fails" time="0.040" /><testcase classname="tests.test_lock_policy.TestEpicPermissionsEndpoint" name="test_permissions_for_draft_epic" time="1.394" /><testcase classname="tests.test_lock_policy.TestEpicPermissionsEndpoint" name="test_permissions_nonexistent_epic" time="0.234" /><testcase classname="tests.test_lock_policy.TestEpicPermissionsEndpoint" name="test_permissions_unauthenticated" time="0.036" /><testcase classname="tests.test_lock_policy.TestFeatureLockPolicyViaAPI" name="test_update_draft_feature_succeeds" time="2.212" /><testcase classname="tests.test_lock_policy.TestFeatureLockPolicyViaAPI" name="test_update_approved_feature_fails" time="2.633" /><testcase classname="tests.test_lock_policy.TestFeatureLockPolicyViaAPI" name="test_delete_draft_feature_succeeds" time="1.402" /><testcase classname="tests.test_lock_policy.TestFeatureLockPolicyViaAPI" name="test_delete_approved_feature_succeeds" time="2.083" /><testcase classname="tests.test_lock_policy.TestUserStoryLockPolicyViaAPI" name="test_update_draft_story_succeeds" time="2.458" /><testcase classname="tests.test_lock_policy.TestUserStoryLockPolicyViaAPI" name="test_update_approved_story_fails" time="2.912" /><testcase classname="tests.test_lock_policy.TestUserStoryLockPolicyViaAPI" name="test_delete_draft_story_succeeds" time="1.753" /><testcase classname="tests.test_lock_policy.TestUserStoryLockPolicyViaAPI" name="test_delete_approved_story_succeeds" time="2.742" /><testcase classname="tests.test_lock_policy.TestEpicCreationAndTransition" name="test_create_epic" time="1.396" /><testcase classname="tests.test_lock_policy.TestEpicCreationAndTransition" name="test_get_epic" time="1.870" /><testcase classname="tests.test_lock_policy.TestEpicCreationAndTransition" name="test_list_epics" time="0.254" /><testcase classname="tests.test_lock_policy.TestEpicCreationAndTransition" name="test_delete_epic" time="1.592" /><testcase classname="tests.test_lock_policy.TestFeatureCreationAndApproval" name="test_create_feature_for_locked_epic" time="1.261" /><testcase classname="tests.test_lock_policy.TestFeatureCreationAndApproval" name="test_approve_feature_locks_it" time="2.604" /><testcase classname="tests.test_lock_policy.TestUserStoryCreationAndApproval" name="test_create_story_for_approved_feature" time="1.615" /><testcase classname="tests.test_lock_policy.TestUserStoryCreationAndApproval" name="test_approve_story_locks_it" time="2.944" /></testsuite></testsuites>