<?xml version="1.0" encoding="utf-8"?><testsuites name="pytest tests"><testsuite name="pytest" errors="0" failures="0" skipped="0" tests="16" time="25.236" timestamp="2026-02-03T01:28:23.108781+00:00" hostname="agent-env-6e87a46c-68ab-4b09-acc7-f5dba342e328"><testcase classname="tests.test_bug_linking.TestBugLinkingAPIs" name="test_get_bugs_for_entity_empty" time="1.075" /><testcase classname="tests.test_bug_linking.TestBugLinkingAPIs" name="test_get_bugs_for_entity_invalid_type" time="0.856" /><testcase classname="tests.test_bug_linking.TestBugLinkingAPIs" name="test_get_bugs_for_entity_valid_types" time="1.495" /><testcase classname="tests.test_bug_linking.TestBugLinkingAPIs" name="test_create_bug_with_link" time="1.709" /><testcase classname="tests.test_bug_linking.TestBugLinkingAPIs" name="test_create_bug_with_multiple_links" time="1.630" /><testcase classname="tests.test_bug_linking.TestBugLinkingAPIs" name="test_create_bug_without_links" time="1.396" /><testcase classname="tests.test_bug_linking.TestBugLinkingAPIs" name="test_create_bug_with_invalid_link_type" time="0.798" /><testcase classname="tests.test_bug_linking.TestBugLinkingAPIs" name="test_add_links_to_existing_bug" time="2.506" /><testcase classname="tests.test_bug_linking.TestBugLinkingAPIs" name="test_add_links_to_nonexistent_bug" time="0.847" /><testcase classname="tests.test_bug_linking.TestBugLinkingAPIs" name="test_remove_link_from_bug" time="2.080" /><testcase classname="tests.test_bug_linking.TestBugLinkingAPIs" name="test_remove_nonexistent_link" time="1.766" /><testcase classname="tests.test_bug_linking.TestBugLinkingAPIs" name="test_bug_appears_in_entity_query" time="1.635" /><testcase classname="tests.test_bug_linking.TestBugLinkingAPIs" name="test_bug_response_structure" time="1.492" /><testcase classname="tests.test_bug_linking.TestBugSeverityAndStatus" name="test_all_severity_levels" time="3.647" /><testcase classname="tests.test_bug_linking.TestBugSeverityAndStatus" name="test_invalid_severity" time="0.840" /><testcase classname="tests.test_bug_linking.TestBugSeverityAndStatus" name="test_default_status_is_draft" time="1.382" /></testsuite></testsuites>