<?xml version="1.0" encoding="utf-8"?><testsuites name="pytest tests"><testsuite name="pytest" errors="0" failures="1" skipped="0" tests="22" time="214.343" timestamp="2026-02-04T23:48:51.056673+00:00" hostname="agent-env-0cfd0e73-dfd1-4cb4-8110-61bebe477e54"><testcase classname="tests.test_initiatives_api.TestInitiativeAPI" name="test_list_initiatives_requires_auth" time="6.743" /><testcase classname="tests.test_initiatives_api.TestInitiativeAPI" name="test_list_initiatives_success" time="7.761" /><testcase classname="tests.test_initiatives_api.TestInitiativeAPI" name="test_list_initiatives_pagination" time="7.303" /><testcase classname="tests.test_initiatives_api.TestInitiativeAPI" name="test_summary_requires_auth" time="6.686" /><testcase classname="tests.test_initiatives_api.TestInitiativeAPI" name="test_summary_returns_counts" time="6.901" /><testcase classname="tests.test_initiatives_api.TestInitiativeAPI" name="test_get_initiative_not_found" time="7.032" /><testcase classname="tests.test_initiatives_api.TestInitiativeAPI" name="test_get_initiative_success" time="8.066" /><testcase classname="tests.test_initiatives_api.TestInitiativeAPI" name="test_duplicate_initiative_not_found" time="7.448" /><testcase classname="tests.test_initiatives_api.TestInitiativeAPI" name="test_duplicate_initiative_success" time="9.777" /><testcase classname="tests.test_initiatives_api.TestInitiativeAPI" name="test_duplicate_initiative_default_title" time="9.948" /><testcase classname="tests.test_initiatives_api.TestInitiativeAPI" name="test_archive_initiative_not_found" time="8.678" /><testcase classname="tests.test_initiatives_api.TestInitiativeAPI" name="test_archive_initiative_success" time="10.051" /><testcase classname="tests.test_initiatives_api.TestInitiativeAPI" name="test_unarchive_initiative_not_found" time="9.203" /><testcase classname="tests.test_initiatives_api.TestInitiativeAPI" name="test_unarchive_initiative_success" time="10.748" /><testcase classname="tests.test_initiatives_api.TestInitiativeAPI" name="test_delete_initiative_not_found" time="9.866" /><testcase classname="tests.test_initiatives_api.TestInitiativeAPI" name="test_delete_initiative_success" time="11.463"><failure message="assert 520 == 200&#10; +  where 520 = &lt;Response [520]&gt;.status_code">tests/test_initiatives_api.py:258: in test_delete_initiative_success
    assert response.status_code == 200
E   assert 520 == 200
E    +  where 520 = &lt;Response [520]&gt;.status_code</failure></testcase><testcase classname="tests.test_initiatives_api.TestInitiativeAPI" name="test_filter_by_status" time="11.841" /><testcase classname="tests.test_initiatives_api.TestInitiativeAPI" name="test_search_by_title" time="13.022" /><testcase classname="tests.test_initiatives_api.TestInitiativeAPI" name="test_search_no_results" time="12.550" /><testcase classname="tests.test_initiatives_api.TestInitiativeAPI" name="test_sort_by_updated_at" time="12.428" /><testcase classname="tests.test_initiatives_api.TestInitiativeAPI" name="test_initiative_summary_structure" time="13.789" /><testcase classname="tests.test_initiatives_api.TestInitiativeAPI" name="test_initiative_detail_structure" time="12.915" /></testsuite></testsuites>