<?xml version="1.0" encoding="utf-8"?><testsuites name="pytest tests"><testsuite name="pytest" errors="0" failures="2" skipped="0" tests="22" time="32.606" timestamp="2026-01-13T06:03:41.810683+00:00" hostname="agent-env-a287a21a-bc75-4cfc-b26d-89f666370cb2"><testcase classname="tests.test_lock_policy.TestLoginFunctionality" name="test_test_login_endpoint" time="0.513" /><testcase classname="tests.test_lock_policy.TestLoginFunctionality" name="test_get_current_user" time="0.225" /><testcase classname="tests.test_lock_policy.TestLoginFunctionality" name="test_unauthenticated_request_fails" time="0.041" /><testcase classname="tests.test_lock_policy.TestEpicPermissionsEndpoint" name="test_permissions_for_draft_epic" time="1.610" /><testcase classname="tests.test_lock_policy.TestEpicPermissionsEndpoint" name="test_permissions_nonexistent_epic" time="0.254" /><testcase classname="tests.test_lock_policy.TestEpicPermissionsEndpoint" name="test_permissions_unauthenticated" time="0.040" /><testcase classname="tests.test_lock_policy.TestFeatureLockPolicyViaAPI" name="test_update_draft_feature_succeeds" time="1.965" /><testcase classname="tests.test_lock_policy.TestFeatureLockPolicyViaAPI" name="test_update_approved_feature_fails" time="2.638" /><testcase classname="tests.test_lock_policy.TestFeatureLockPolicyViaAPI" name="test_delete_draft_feature_succeeds" time="1.376" /><testcase classname="tests.test_lock_policy.TestFeatureLockPolicyViaAPI" name="test_delete_approved_feature_succeeds" time="2.135"><failure message="assert 520 == 200&#10; +  where 520 = &lt;Response [520]&gt;.status_code">tests/test_lock_policy.py:368: in test_delete_approved_feature_succeeds
    assert response.status_code == 200
E   assert 520 == 200
E    +  where 520 = &lt;Response [520]&gt;.status_code</failure></testcase><testcase classname="tests.test_lock_policy.TestUserStoryLockPolicyViaAPI" name="test_update_draft_story_succeeds" time="2.170" /><testcase classname="tests.test_lock_policy.TestUserStoryLockPolicyViaAPI" name="test_update_approved_story_fails" time="2.820" /><testcase classname="tests.test_lock_policy.TestUserStoryLockPolicyViaAPI" name="test_delete_draft_story_succeeds" time="1.752" /><testcase classname="tests.test_lock_policy.TestUserStoryLockPolicyViaAPI" name="test_delete_approved_story_succeeds" time="2.319"><failure message="assert 520 == 200&#10; +  where 520 = &lt;Response [520]&gt;.status_code">tests/test_lock_policy.py:642: in test_delete_approved_story_succeeds
    assert response.status_code == 200
E   assert 520 == 200
E    +  where 520 = &lt;Response [520]&gt;.status_code</failure></testcase><testcase classname="tests.test_lock_policy.TestEpicCreationAndTransition" name="test_create_epic" time="1.298" /><testcase classname="tests.test_lock_policy.TestEpicCreationAndTransition" name="test_get_epic" time="1.603" /><testcase classname="tests.test_lock_policy.TestEpicCreationAndTransition" name="test_list_epics" time="0.252" /><testcase classname="tests.test_lock_policy.TestEpicCreationAndTransition" name="test_delete_epic" time="1.591" /><testcase classname="tests.test_lock_policy.TestFeatureCreationAndApproval" name="test_create_feature_for_locked_epic" time="1.158" /><testcase classname="tests.test_lock_policy.TestFeatureCreationAndApproval" name="test_approve_feature_locks_it" time="2.443" /><testcase classname="tests.test_lock_policy.TestUserStoryCreationAndApproval" name="test_create_story_for_approved_feature" time="1.501" /><testcase classname="tests.test_lock_policy.TestUserStoryCreationAndApproval" name="test_approve_story_locks_it" time="2.807" /></testsuite></testsuites>