<?xml version="1.0" encoding="utf-8"?><testsuites name="pytest tests"><testsuite name="pytest" errors="0" failures="0" skipped="0" tests="17" time="16.755" timestamp="2026-02-03T02:28:31.190874+00:00" hostname="agent-env-a578b0f2-409d-4712-b047-54af3370d179"><testcase classname="tests.test_microsoft_graph_email.TestMicrosoftGraphEmailIntegration" name="test_email_service_is_configured" time="1.595" /><testcase classname="tests.test_microsoft_graph_email.TestMicrosoftGraphEmailIntegration" name="test_signup_sends_verification_email" time="1.414" /><testcase classname="tests.test_microsoft_graph_email.TestMicrosoftGraphEmailIntegration" name="test_signup_creates_verification_token" time="1.186" /><testcase classname="tests.test_microsoft_graph_email.TestMicrosoftGraphEmailIntegration" name="test_forgot_password_sends_email" time="1.399" /><testcase classname="tests.test_microsoft_graph_email.TestMicrosoftGraphEmailIntegration" name="test_forgot_password_nonexistent_email" time="0.201" /><testcase classname="tests.test_microsoft_graph_email.TestMicrosoftGraphEmailIntegration" name="test_forgot_password_invalid_email_format" time="0.044" /><testcase classname="tests.test_microsoft_graph_email.TestMicrosoftGraphEmailIntegration" name="test_resend_verification_sends_email" time="1.949" /><testcase classname="tests.test_microsoft_graph_email.TestMicrosoftGraphEmailIntegration" name="test_resend_verification_nonexistent_email" time="0.180" /><testcase classname="tests.test_microsoft_graph_email.TestMicrosoftGraphEmailIntegration" name="test_verify_email_with_invalid_token" time="0.235" /><testcase classname="tests.test_microsoft_graph_email.TestMicrosoftGraphEmailIntegration" name="test_check_token_validity_invalid" time="0.210" /><testcase classname="tests.test_microsoft_graph_email.TestMicrosoftGraphEmailIntegration" name="test_reset_password_with_invalid_token" time="0.219" /><testcase classname="tests.test_microsoft_graph_email.TestMicrosoftGraphEmailIntegration" name="test_reset_password_short_password" time="0.040" /><testcase classname="tests.test_microsoft_graph_email.TestMicrosoftGraphEmailIntegration" name="test_full_signup_to_verification_flow" time="2.440" /><testcase classname="tests.test_microsoft_graph_email.TestMicrosoftGraphEmailIntegration" name="test_full_forgot_password_flow" time="2.526" /><testcase classname="tests.test_microsoft_graph_email.TestEmailServiceEdgeCases" name="test_signup_with_duplicate_email" time="1.158" /><testcase classname="tests.test_microsoft_graph_email.TestEmailServiceEdgeCases" name="test_signup_with_weak_password" time="0.040" /><testcase classname="tests.test_microsoft_graph_email.TestEmailServiceEdgeCases" name="test_resend_verification_for_verified_user" time="1.831" /></testsuite></testsuites>