<?xml version="1.0" encoding="utf-8"?><testsuites name="pytest tests"><testsuite name="pytest" errors="0" failures="0" skipped="0" tests="21" time="17.006" timestamp="2026-02-03T02:20:21.867513+00:00" hostname="agent-env-a578b0f2-409d-4712-b047-54af3370d179"><testcase classname="tests.test_auth_verification_reset.TestForgotPassword" name="test_forgot_password_existing_email" time="0.842" /><testcase classname="tests.test_auth_verification_reset.TestForgotPassword" name="test_forgot_password_nonexistent_email" time="0.177" /><testcase classname="tests.test_auth_verification_reset.TestForgotPassword" name="test_forgot_password_invalid_email_format" time="0.039" /><testcase classname="tests.test_auth_verification_reset.TestResetPassword" name="test_reset_password_valid_token" time="1.923" /><testcase classname="tests.test_auth_verification_reset.TestResetPassword" name="test_reset_password_invalid_token" time="0.209" /><testcase classname="tests.test_auth_verification_reset.TestResetPassword" name="test_reset_password_short_password" time="0.844" /><testcase classname="tests.test_auth_verification_reset.TestResetPassword" name="test_reset_password_invalidates_sessions" time="2.282" /><testcase classname="tests.test_auth_verification_reset.TestCheckToken" name="test_check_valid_password_reset_token" time="0.985" /><testcase classname="tests.test_auth_verification_reset.TestCheckToken" name="test_check_valid_email_verification_token" time="0.991" /><testcase classname="tests.test_auth_verification_reset.TestCheckToken" name="test_check_invalid_token" time="0.177" /><testcase classname="tests.test_auth_verification_reset.TestCheckToken" name="test_check_used_token" time="1.532" /><testcase classname="tests.test_auth_verification_reset.TestVerifyEmail" name="test_verify_email_valid_token" time="1.119" /><testcase classname="tests.test_auth_verification_reset.TestVerifyEmail" name="test_verify_email_invalid_token" time="0.202" /><testcase classname="tests.test_auth_verification_reset.TestResendVerification" name="test_resend_verification_existing_user" time="0.813" /><testcase classname="tests.test_auth_verification_reset.TestResendVerification" name="test_resend_verification_nonexistent_email" time="0.179" /><testcase classname="tests.test_auth_verification_reset.TestGetCurrentUserEmailVerified" name="test_me_includes_email_verified_field" time="0.721" /><testcase classname="tests.test_auth_verification_reset.TestGetCurrentUserEmailVerified" name="test_me_email_verified_after_verification" time="1.302" /><testcase classname="tests.test_auth_verification_reset.TestSubscriptionStatus" name="test_subscription_status_authenticated" time="0.720" /><testcase classname="tests.test_auth_verification_reset.TestSubscriptionStatus" name="test_subscription_status_unauthenticated" time="0.040" /><testcase classname="tests.test_auth_verification_reset.TestCheckoutGracefulFailure" name="test_checkout_fails_gracefully_without_stripe_key" time="0.721" /><testcase classname="tests.test_auth_verification_reset.TestSignupCreatesVerificationToken" name="test_signup_creates_verification_token" time="1.130" /></testsuite></testsuites>