<?xml version="1.0" encoding="utf-8"?><testsuites name="pytest tests"><testsuite name="pytest" errors="0" failures="0" skipped="0" tests="10" time="3.185" timestamp="2026-01-13T05:38:22.553743+00:00" hostname="agent-env-2f1d8d59-fe6c-4ad7-bc68-4b35d1981234"><testcase classname="tests.test_completed_epic.TestFeaturesForEpicAPI" name="test_list_features_for_epic_success" time="0.303" /><testcase classname="tests.test_completed_epic.TestFeaturesForEpicAPI" name="test_list_features_for_nonexistent_epic" time="0.231" /><testcase classname="tests.test_completed_epic.TestFeaturesForEpicAPI" name="test_list_features_unauthenticated" time="0.040" /><testcase classname="tests.test_completed_epic.TestStoriesForFeatureAPI" name="test_list_stories_for_feature_success" time="0.284" /><testcase classname="tests.test_completed_epic.TestStoriesForFeatureAPI" name="test_list_stories_for_nonexistent_feature" time="0.293" /><testcase classname="tests.test_completed_epic.TestStoriesForFeatureAPI" name="test_list_stories_unauthenticated" time="0.037" /><testcase classname="tests.test_completed_epic.TestEpicAPI" name="test_get_epic_success" time="0.285" /><testcase classname="tests.test_completed_epic.TestEpicAPI" name="test_get_epic_nonexistent" time="0.256" /><testcase classname="tests.test_completed_epic.TestCompletedEpicDataFlow" name="test_full_completed_epic_data_flow" time="0.808" /><testcase classname="tests.test_completed_epic.TestCompletedEpicStats" name="test_calculate_stats" time="0.590" /></testsuite></testsuites>