<?xml version="1.0" encoding="utf-8"?><testsuites name="pytest tests"><testsuite name="pytest" errors="0" failures="0" skipped="0" tests="22" time="22.554" timestamp="2026-01-13T16:04:24.091371+00:00" hostname="agent-env-21539842-3f5a-4477-8fce-7331e96378ad"><testcase classname="tests.test_standalone_stories.TestStandaloneStoriesAPI" name="test_list_standalone_stories" time="0.759" /><testcase classname="tests.test_standalone_stories.TestStandaloneStoriesAPI" name="test_list_standalone_stories_with_stage_filter" time="0.301" /><testcase classname="tests.test_standalone_stories.TestStandaloneStoriesAPI" name="test_create_standalone_story" time="1.010" /><testcase classname="tests.test_standalone_stories.TestStandaloneStoriesAPI" name="test_create_standalone_story_minimal" time="1.015" /><testcase classname="tests.test_standalone_stories.TestStandaloneStoriesAPI" name="test_get_standalone_story" time="0.809" /><testcase classname="tests.test_standalone_stories.TestStandaloneStoriesAPI" name="test_get_nonexistent_story" time="0.227" /><testcase classname="tests.test_standalone_stories.TestStandaloneStoriesAPI" name="test_update_standalone_story" time="0.627" /><testcase classname="tests.test_standalone_stories.TestStandaloneStoriesAPI" name="test_update_acceptance_criteria" time="0.662" /><testcase classname="tests.test_standalone_stories.TestStandaloneStoriesAPI" name="test_delete_standalone_story" time="1.164" /><testcase classname="tests.test_standalone_stories.TestStandaloneStoriesAPI" name="test_approve_standalone_story" time="1.357" /><testcase classname="tests.test_standalone_stories.TestStandaloneStoriesAPI" name="test_cannot_update_approved_story" time="1.704" /><testcase classname="tests.test_standalone_stories.TestStandaloneStoriesAPI" name="test_cannot_delete_approved_story" time="1.579" /><testcase classname="tests.test_standalone_stories.TestAIStoryCreation" name="test_ai_chat_endpoint" time="1.671" /><testcase classname="tests.test_standalone_stories.TestAIStoryCreation" name="test_ai_chat_continues_conversation" time="1.608" /><testcase classname="tests.test_standalone_stories.TestAIStoryCreation" name="test_create_from_proposal" time="0.893" /><testcase classname="tests.test_standalone_stories.TestAIStoryCreation" name="test_create_from_proposal_minimal" time="0.860" /><testcase classname="tests.test_standalone_stories.TestStandaloneStoryChat" name="test_chat_with_standalone_story" time="3.747" /><testcase classname="tests.test_standalone_stories.TestStandaloneStoryChat" name="test_cannot_chat_with_approved_story" time="1.877" /><testcase classname="tests.test_standalone_stories.TestAuthRequired" name="test_list_requires_auth" time="0.038" /><testcase classname="tests.test_standalone_stories.TestAuthRequired" name="test_create_requires_auth" time="0.039" /><testcase classname="tests.test_standalone_stories.TestAuthRequired" name="test_ai_chat_requires_auth" time="0.031" /><testcase classname="tests.test_standalone_stories.TestAuthRequired" name="test_create_from_proposal_requires_auth" time="0.487" /></testsuite></testsuites>