<?xml version="1.0" encoding="utf-8"?><testsuites name="pytest tests"><testsuite name="pytest" errors="0" failures="9" skipped="0" tests="22" time="86.499" timestamp="2026-02-04T23:47:11.790845+00:00" hostname="agent-env-0cfd0e73-dfd1-4cb4-8110-61bebe477e54"><testcase classname="tests.test_initiatives_api.TestInitiativeAPI" name="test_list_initiatives_requires_auth" time="1.643" /><testcase classname="tests.test_initiatives_api.TestInitiativeAPI" name="test_list_initiatives_success" time="1.715" /><testcase classname="tests.test_initiatives_api.TestInitiativeAPI" name="test_list_initiatives_pagination" time="1.607" /><testcase classname="tests.test_initiatives_api.TestInitiativeAPI" name="test_summary_requires_auth" time="1.598" /><testcase classname="tests.test_initiatives_api.TestInitiativeAPI" name="test_summary_returns_counts" time="1.610" /><testcase classname="tests.test_initiatives_api.TestInitiativeAPI" name="test_get_initiative_not_found" time="1.461" /><testcase classname="tests.test_initiatives_api.TestInitiativeAPI" name="test_get_initiative_success" time="2.780"><failure message="assert 201 == 200&#10; +  where 201 = &lt;Response [201]&gt;.status_code">tests/test_initiatives_api.py:110: in test_get_initiative_success
    assert create_response.status_code == 200
E   assert 201 == 200
E    +  where 201 = &lt;Response [201]&gt;.status_code</failure></testcase><testcase classname="tests.test_initiatives_api.TestInitiativeAPI" name="test_duplicate_initiative_not_found" time="2.121" /><testcase classname="tests.test_initiatives_api.TestInitiativeAPI" name="test_duplicate_initiative_success" time="3.044"><failure message="assert 201 == 200&#10; +  where 201 = &lt;Response [201]&gt;.status_code">tests/test_initiatives_api.py:144: in test_duplicate_initiative_success
    assert create_response.status_code == 200
E   assert 201 == 200
E    +  where 201 = &lt;Response [201]&gt;.status_code</failure></testcase><testcase classname="tests.test_initiatives_api.TestInitiativeAPI" name="test_duplicate_initiative_default_title" time="3.702"><failure message="assert 201 == 200&#10; +  where 201 = &lt;Response [201]&gt;.status_code">tests/test_initiatives_api.py:173: in test_duplicate_initiative_default_title
    assert create_response.status_code == 200
E   assert 201 == 200
E    +  where 201 = &lt;Response [201]&gt;.status_code</failure></testcase><testcase classname="tests.test_initiatives_api.TestInitiativeAPI" name="test_archive_initiative_not_found" time="3.316" /><testcase classname="tests.test_initiatives_api.TestInitiativeAPI" name="test_archive_initiative_success" time="4.392"><failure message="assert 201 == 200&#10; +  where 201 = &lt;Response [201]&gt;.status_code">tests/test_initiatives_api.py:200: in test_archive_initiative_success
    assert create_response.status_code == 200
E   assert 201 == 200
E    +  where 201 = &lt;Response [201]&gt;.status_code</failure></testcase><testcase classname="tests.test_initiatives_api.TestInitiativeAPI" name="test_unarchive_initiative_not_found" time="3.852" /><testcase classname="tests.test_initiatives_api.TestInitiativeAPI" name="test_unarchive_initiative_success" time="4.972"><failure message="assert 201 == 200&#10; +  where 201 = &lt;Response [201]&gt;.status_code">tests/test_initiatives_api.py:225: in test_unarchive_initiative_success
    assert create_response.status_code == 200
E   assert 201 == 200
E    +  where 201 = &lt;Response [201]&gt;.status_code</failure></testcase><testcase classname="tests.test_initiatives_api.TestInitiativeAPI" name="test_delete_initiative_not_found" time="4.419" /><testcase classname="tests.test_initiatives_api.TestInitiativeAPI" name="test_delete_initiative_success" time="5.423"><failure message="assert 201 == 200&#10; +  where 201 = &lt;Response [201]&gt;.status_code">tests/test_initiatives_api.py:253: in test_delete_initiative_success
    assert create_response.status_code == 200
E   assert 201 == 200
E    +  where 201 = &lt;Response [201]&gt;.status_code</failure></testcase><testcase classname="tests.test_initiatives_api.TestInitiativeAPI" name="test_filter_by_status" time="5.595" /><testcase classname="tests.test_initiatives_api.TestInitiativeAPI" name="test_search_by_title" time="6.129"><failure message="assert 201 == 200&#10; +  where 201 = &lt;Response [201]&gt;.status_code">tests/test_initiatives_api.py:288: in test_search_by_title
    assert create_response.status_code == 200
E   assert 201 == 200
E    +  where 201 = &lt;Response [201]&gt;.status_code</failure></testcase><testcase classname="tests.test_initiatives_api.TestInitiativeAPI" name="test_search_no_results" time="6.413" /><testcase classname="tests.test_initiatives_api.TestInitiativeAPI" name="test_sort_by_updated_at" time="6.341" /><testcase classname="tests.test_initiatives_api.TestInitiativeAPI" name="test_initiative_summary_structure" time="6.752"><failure message="assert 201 == 200&#10; +  where 201 = &lt;Response [201]&gt;.status_code">tests/test_initiatives_api.py:327: in test_initiative_summary_structure
    assert create_response.status_code == 200
E   assert 201 == 200
E    +  where 201 = &lt;Response [201]&gt;.status_code</failure></testcase><testcase classname="tests.test_initiatives_api.TestInitiativeAPI" name="test_initiative_detail_structure" time="7.403"><failure message="assert 201 == 200&#10; +  where 201 = &lt;Response [201]&gt;.status_code">tests/test_initiatives_api.py:354: in test_initiative_detail_structure
    assert create_response.status_code == 200
E   assert 201 == 200
E    +  where 201 = &lt;Response [201]&gt;.status_code</failure></testcase></testsuite></testsuites>