<?xml version="1.0" encoding="utf-8"?><testsuites name="pytest tests"><testsuite name="pytest" errors="0" failures="6" skipped="0" tests="30" time="26.475" timestamp="2026-02-03T00:06:35.265164+00:00" hostname="agent-env-6e87a46c-68ab-4b09-acc7-f5dba342e328"><testcase classname="tests.test_subscription_persona_e2e.TestSubscriptionAPI" name="test_subscription_status_returns_200" time="0.677" /><testcase classname="tests.test_subscription_persona_e2e.TestSubscriptionAPI" name="test_subscription_status_has_required_fields" time="0.633" /><testcase classname="tests.test_subscription_persona_e2e.TestSubscriptionAPI" name="test_create_checkout_returns_checkout_url" time="1.238" /><testcase classname="tests.test_subscription_persona_e2e.TestSubscriptionAPI" name="test_checkout_status_returns_payment_info" time="1.588" /><testcase classname="tests.test_subscription_persona_e2e.TestSubscriptionAPI" name="test_checkout_status_invalid_session_returns_error" time="0.834"><failure message="assert 520 in [400, 404, 500]&#10; +  where 520 = &lt;Response [520]&gt;.status_code">tests/test_subscription_persona_e2e.py:88: in test_checkout_status_invalid_session_returns_error
    assert response.status_code in [400, 404, 500]
E   assert 520 in [400, 404, 500]
E    +  where 520 = &lt;Response [520]&gt;.status_code</failure></testcase><testcase classname="tests.test_subscription_persona_e2e.TestPersonaAPI" name="test_get_persona_settings" time="0.633" /><testcase classname="tests.test_subscription_persona_e2e.TestPersonaAPI" name="test_update_persona_settings" time="0.851" /><testcase classname="tests.test_subscription_persona_e2e.TestPersonaAPI" name="test_update_persona_count_enforces_range" time="1.457" /><testcase classname="tests.test_subscription_persona_e2e.TestPersonaAPI" name="test_list_personas" time="0.957" /><testcase classname="tests.test_subscription_persona_e2e.TestEpicWorkflow" name="test_list_epics" time="0.667"><failure message="AssertionError: assert False&#10; +  where False = isinstance({'epics': []}, list)">tests/test_subscription_persona_e2e.py:180: in test_list_epics
    assert isinstance(data, list)
E   AssertionError: assert False
E    +  where False = isinstance({'epics': []}, list)</failure></testcase><testcase classname="tests.test_subscription_persona_e2e.TestEpicWorkflow" name="test_create_epic" time="1.334"><failure message="assert 201 == 200&#10; +  where 201 = &lt;Response [201]&gt;.status_code">tests/test_subscription_persona_e2e.py:189: in test_create_epic
    assert response.status_code == 200
E   assert 201 == 200
E    +  where 201 = &lt;Response [201]&gt;.status_code</failure></testcase><testcase classname="tests.test_subscription_persona_e2e.TestEpicWorkflow" name="test_get_epic" time="1.396" /><testcase classname="tests.test_subscription_persona_e2e.TestEpicWorkflow" name="test_delete_epic" time="2.405" /><testcase classname="tests.test_subscription_persona_e2e.TestFeatureWorkflow" name="test_list_features_for_epic" time="0.657" /><testcase classname="tests.test_subscription_persona_e2e.TestFeatureWorkflow" name="test_get_feature" time="0.700" /><testcase classname="tests.test_subscription_persona_e2e.TestUserStoryWorkflow" name="test_list_standalone_stories" time="0.750" /><testcase classname="tests.test_subscription_persona_e2e.TestUserStoryWorkflow" name="test_create_standalone_story" time="0.450"><failure message="assert 422 in [200, 201]&#10; +  where 422 = &lt;Response [422]&gt;.status_code">tests/test_subscription_persona_e2e.py:298: in test_create_standalone_story
    assert response.status_code in [200, 201]
E   assert 422 in [200, 201]
E    +  where 422 = &lt;Response [422]&gt;.status_code</failure></testcase><testcase classname="tests.test_subscription_persona_e2e.TestUserStoryWorkflow" name="test_get_standalone_story" time="0.468"><failure message="KeyError: 'story_id'">tests/test_subscription_persona_e2e.py:315: in test_get_standalone_story
    story_id = create_response.json()["story_id"]
               ^^^^^^^^^^^^^^^^^^^^^^^^^^^^^^^^^^
E   KeyError: 'story_id'</failure></testcase><testcase classname="tests.test_subscription_persona_e2e.TestBugTracking" name="test_list_bugs" time="0.667" /><testcase classname="tests.test_subscription_persona_e2e.TestBugTracking" name="test_create_bug" time="1.102" /><testcase classname="tests.test_subscription_persona_e2e.TestBugTracking" name="test_get_bug" time="1.299" /><testcase classname="tests.test_subscription_persona_e2e.TestBugTracking" name="test_bug_status_transition" time="1.619" /><testcase classname="tests.test_subscription_persona_e2e.TestScoringEndpoints" name="test_get_scoring_options" time="0.509"><failure message="assert 'moscow' in {'moscow_options': {'could_have': 'Could Have', 'must_have': 'Must Have', 'should_have': 'Should Have', 'wont_have': &quot;Won't Have&quot;}, 'rice_confidence_options': {'0.5': 'Low', '0.8': 'Medium', '1.0': 'High'}, 'rice_impact_options': {'0.25': 'Minimal', '0.5': 'Low', '1.0': 'Medium', '2.0': 'High', ...}}">tests/test_subscription_persona_e2e.py:423: in test_get_scoring_options
    assert "moscow" in data
E   assert 'moscow' in {'moscow_options': {'could_have': 'Could Have', 'must_have': 'Must Have', 'should_have': 'Should Have', 'wont_have': "Won't Have"}, 'rice_confidence_options': {'0.5': 'Low', '0.8': 'Medium', '1.0': 'High'}, 'rice_impact_options': {'0.25': 'Minimal', '0.5': 'Low', '1.0': 'Medium', '2.0': 'High', ...}}</failure></testcase><testcase classname="tests.test_subscription_persona_e2e.TestScoringEndpoints" name="test_get_epic_moscow" time="0.687" /><testcase classname="tests.test_subscription_persona_e2e.TestScoringEndpoints" name="test_get_feature_scores" time="0.704" /><testcase classname="tests.test_subscription_persona_e2e.TestPaymentTransactionTracking" name="test_checkout_creates_transaction" time="1.889" /><testcase classname="tests.test_subscription_persona_e2e.TestAuthenticationRequired" name="test_subscription_status_requires_auth" time="0.035" /><testcase classname="tests.test_subscription_persona_e2e.TestAuthenticationRequired" name="test_persona_settings_requires_auth" time="0.036" /><testcase classname="tests.test_subscription_persona_e2e.TestAuthenticationRequired" name="test_create_checkout_requires_auth" time="0.036" /><testcase classname="tests.test_subscription_persona_e2e.TestAuthenticationRequired" name="test_epics_requires_auth" time="0.040" /></testsuite></testsuites>