<?xml version="1.0" encoding="utf-8"?><testsuites name="pytest tests"><testsuite name="pytest" errors="0" failures="0" skipped="0" tests="27" time="18.647" timestamp="2026-01-13T15:04:00.693411+00:00" hostname="agent-env-a287a21a-bc75-4cfc-b26d-89f666370cb2"><testcase classname="tests.test_bug_api.TestBugCRUD" name="test_create_standalone_bug" time="1.420" /><testcase classname="tests.test_bug_api.TestBugCRUD" name="test_create_bug_with_priority" time="0.604" /><testcase classname="tests.test_bug_api.TestBugCRUD" name="test_get_bug" time="0.314" /><testcase classname="tests.test_bug_api.TestBugCRUD" name="test_list_bugs" time="0.265" /><testcase classname="tests.test_bug_api.TestBugCRUD" name="test_list_bugs_filter_by_status" time="0.312" /><testcase classname="tests.test_bug_api.TestBugCRUD" name="test_list_bugs_filter_by_severity" time="0.278" /><testcase classname="tests.test_bug_api.TestBugCRUD" name="test_list_bugs_filter_standalone" time="0.267" /><testcase classname="tests.test_bug_api.TestBugCRUD" name="test_update_bug_in_draft" time="1.057" /><testcase classname="tests.test_bug_api.TestBugStatusTransitions" name="test_transition_draft_to_confirmed" time="1.253" /><testcase classname="tests.test_bug_api.TestBugStatusTransitions" name="test_transition_confirmed_to_in_progress" time="0.775" /><testcase classname="tests.test_bug_api.TestBugStatusTransitions" name="test_transition_in_progress_to_resolved" time="0.758" /><testcase classname="tests.test_bug_api.TestBugStatusTransitions" name="test_transition_resolved_to_closed" time="0.711" /><testcase classname="tests.test_bug_api.TestBugStatusTransitions" name="test_invalid_transition_rejected" time="0.994" /><testcase classname="tests.test_bug_api.TestBugStatusTransitions" name="test_update_non_draft_bug_rejected" time="1.127" /><testcase classname="tests.test_bug_api.TestBugStatusHistory" name="test_get_status_history" time="0.382" /><testcase classname="tests.test_bug_api.TestBugLinks" name="test_add_link_to_bug" time="1.148" /><testcase classname="tests.test_bug_api.TestBugLinks" name="test_add_multiple_links" time="0.950" /><testcase classname="tests.test_bug_api.TestBugLinks" name="test_get_links" time="0.394" /><testcase classname="tests.test_bug_api.TestBugLinks" name="test_bug_shows_link_count" time="0.278" /><testcase classname="tests.test_bug_api.TestBugLinks" name="test_filter_linked_bugs" time="0.268" /><testcase classname="tests.test_bug_api.TestBugLinks" name="test_remove_link" time="0.866" /><testcase classname="tests.test_bug_api.TestBugSoftDelete" name="test_soft_delete_bug" time="1.421" /><testcase classname="tests.test_bug_api.TestBugValidation" name="test_invalid_severity_rejected" time="0.319" /><testcase classname="tests.test_bug_api.TestBugValidation" name="test_invalid_priority_rejected" time="0.199" /><testcase classname="tests.test_bug_api.TestBugValidation" name="test_missing_title_rejected" time="0.009" /><testcase classname="tests.test_bug_api.TestBugValidation" name="test_missing_description_rejected" time="0.008" /><testcase classname="tests.test_bug_api.TestCleanup" name="test_cleanup_test_bugs" time="2.121" /></testsuite></testsuites>