<?xml version="1.0" encoding="utf-8"?><testsuites name="pytest tests"><testsuite name="pytest" errors="0" failures="0" skipped="0" tests="18" time="9.367" timestamp="2026-02-06T19:14:44.251717+00:00" hostname="agent-env-7afeda9e-7935-4e2b-9b85-2df00dc1093f"><testcase classname="backend.tests.test_azure_devops_integration.TestAzureDevOpsIntegration" name="test_get_azure_devops_status" time="0.934" /><testcase classname="backend.tests.test_azure_devops_integration.TestAzureDevOpsIntegration" name="test_get_all_integrations_status" time="0.711" /><testcase classname="backend.tests.test_azure_devops_integration.TestAzureDevOpsIntegration" name="test_connect_azure_devops_requires_org_url_and_pat" time="0.678" /><testcase classname="backend.tests.test_azure_devops_integration.TestAzureDevOpsIntegration" name="test_connect_azure_devops_missing_pat" time="0.503" /><testcase classname="backend.tests.test_azure_devops_integration.TestAzureDevOpsIntegration" name="test_connect_azure_devops_missing_org_url" time="0.520" /><testcase classname="backend.tests.test_azure_devops_integration.TestAzureDevOpsIntegration" name="test_connect_azure_devops_invalid_pat" time="1.072" /><testcase classname="backend.tests.test_azure_devops_integration.TestAzureDevOpsIntegration" name="test_disconnect_azure_devops_when_not_connected" time="0.731" /><testcase classname="backend.tests.test_azure_devops_integration.TestAzureDevOpsIntegration" name="test_preview_azure_devops_push_not_connected" time="0.720" /><testcase classname="backend.tests.test_azure_devops_integration.TestAzureDevOpsIntegration" name="test_preview_azure_devops_push_missing_epic_id" time="0.485" /><testcase classname="backend.tests.test_azure_devops_integration.TestAzureDevOpsIntegration" name="test_push_azure_devops_not_connected" time="0.743" /><testcase classname="backend.tests.test_azure_devops_integration.TestAzureDevOpsIntegration" name="test_push_azure_devops_missing_project_name" time="0.488" /><testcase classname="backend.tests.test_azure_devops_integration.TestAzureDevOpsIntegration" name="test_get_azure_devops_projects_not_connected" time="0.720" /><testcase classname="backend.tests.test_azure_devops_integration.TestAzureDevOpsIntegration" name="test_get_azure_devops_test_not_connected" time="0.767" /><testcase classname="backend.tests.test_azure_devops_integration.TestAzureDevOpsIntegrationUnauthenticated" name="test_status_requires_auth" time="0.035" /><testcase classname="backend.tests.test_azure_devops_integration.TestAzureDevOpsIntegrationUnauthenticated" name="test_connect_requires_auth" time="0.032" /><testcase classname="backend.tests.test_azure_devops_integration.TestAzureDevOpsIntegrationUnauthenticated" name="test_disconnect_requires_auth" time="0.034" /><testcase classname="backend.tests.test_azure_devops_integration.TestAzureDevOpsIntegrationUnauthenticated" name="test_preview_requires_auth" time="0.034" /><testcase classname="backend.tests.test_azure_devops_integration.TestAzureDevOpsIntegrationUnauthenticated" name="test_push_requires_auth" time="0.036" /></testsuite></testsuites>