<?xml version="1.0" encoding="utf-8"?><testsuites name="pytest tests"><testsuite name="pytest" errors="0" failures="0" skipped="5" tests="10" time="5.901" timestamp="2026-02-03T00:29:26.390601+00:00" hostname="agent-env-6e87a46c-68ab-4b09-acc7-f5dba342e328"><testcase classname="tests.test_epic_cascade_delete.TestEpicCreationAPI" name="test_create_epic" time="1.296" /><testcase classname="tests.test_epic_cascade_delete.TestEpicCreationAPI" name="test_create_epic_returns_snapshot" time="1.259" /><testcase classname="tests.test_epic_cascade_delete.TestEpicDeleteAPI" name="test_delete_epic_returns_200" time="1.278" /><testcase classname="tests.test_epic_cascade_delete.TestEpicDeleteAPI" name="test_deleted_epic_returns_404" time="1.544" /><testcase classname="tests.test_epic_cascade_delete.TestEpicDeleteAPI" name="test_delete_nonexistent_epic_returns_404" time="0.239" /><testcase classname="tests.test_epic_cascade_delete.TestCascadeDeleteFeatures" name="test_cascade_delete_features" time="0.215"><skipped type="pytest.skip" message="Could not create test data: [Errno 2] No such file or directory: 'psql'">/app/tests/test_epic_cascade_delete.py:234: Could not create test data: [Errno 2] No such file or directory: 'psql'</skipped></testcase><testcase classname="tests.test_epic_cascade_delete.TestCascadeDeleteUserStories" name="test_cascade_delete_user_stories" time="0.001"><skipped type="pytest.skip" message="Could not create test data: [Errno 2] No such file or directory: 'psql'">/app/tests/test_epic_cascade_delete.py:276: Could not create test data: [Errno 2] No such file or directory: 'psql'</skipped></testcase><testcase classname="tests.test_epic_cascade_delete.TestCascadeDeleteTranscriptEvents" name="test_cascade_delete_transcript_events" time="0.001"><skipped type="pytest.skip" message="Could not create test data: [Errno 2] No such file or directory: 'psql'">/app/tests/test_epic_cascade_delete.py:318: Could not create test data: [Errno 2] No such file or directory: 'psql'</skipped></testcase><testcase classname="tests.test_epic_cascade_delete.TestCascadeDeleteSnapshots" name="test_cascade_delete_snapshots" time="0.001"><skipped type="pytest.skip" message="Could not create test data: [Errno 2] No such file or directory: 'psql'">/app/tests/test_epic_cascade_delete.py:361: Could not create test data: [Errno 2] No such file or directory: 'psql'</skipped></testcase><testcase classname="tests.test_epic_cascade_delete.TestDatabaseIntegrityAfterDelete" name="test_no_orphaned_records_after_delete" time="0.001"><skipped type="pytest.skip" message="Could not create test data: [Errno 2] No such file or directory: 'psql'">/app/tests/test_epic_cascade_delete.py:404: Could not create test data: [Errno 2] No such file or directory: 'psql'</skipped></testcase></testsuite></testsuites>