<?xml version="1.0" encoding="utf-8"?><testsuites name="pytest tests"><testsuite name="pytest" errors="0" failures="0" skipped="0" tests="10" time="16.722" timestamp="2026-02-03T00:31:23.278128+00:00" hostname="agent-env-6e87a46c-68ab-4b09-acc7-f5dba342e328"><testcase classname="tests.test_epic_cascade_delete.TestEpicCreationAPI" name="test_create_epic" time="1.412" /><testcase classname="tests.test_epic_cascade_delete.TestEpicCreationAPI" name="test_create_epic_returns_snapshot" time="1.267" /><testcase classname="tests.test_epic_cascade_delete.TestEpicDeleteAPI" name="test_delete_epic_returns_200" time="1.358" /><testcase classname="tests.test_epic_cascade_delete.TestEpicDeleteAPI" name="test_deleted_epic_returns_404" time="1.515" /><testcase classname="tests.test_epic_cascade_delete.TestEpicDeleteAPI" name="test_delete_nonexistent_epic_returns_404" time="0.238" /><testcase classname="tests.test_epic_cascade_delete.TestCascadeDeleteFeatures" name="test_cascade_delete_features" time="2.267" /><testcase classname="tests.test_epic_cascade_delete.TestCascadeDeleteUserStories" name="test_cascade_delete_user_stories" time="1.935" /><testcase classname="tests.test_epic_cascade_delete.TestCascadeDeleteTranscriptEvents" name="test_cascade_delete_transcript_events" time="1.771" /><testcase classname="tests.test_epic_cascade_delete.TestCascadeDeleteSnapshots" name="test_cascade_delete_snapshots" time="1.735" /><testcase classname="tests.test_epic_cascade_delete.TestDatabaseIntegrityAfterDelete" name="test_no_orphaned_records_after_delete" time="3.151" /></testsuite></testsuites>