<?xml version="1.0" encoding="utf-8"?><testsuites name="pytest tests"><testsuite name="pytest" errors="0" failures="0" skipped="0" tests="14" time="8.681" timestamp="2026-02-03T02:01:23.156023+00:00" hostname="agent-env-a578b0f2-409d-4712-b047-54af3370d179"><testcase classname="tests.test_auth_email_password.TestAuthSignup" name="test_signup_success" time="0.658" /><testcase classname="tests.test_auth_email_password.TestAuthSignup" name="test_signup_duplicate_email" time="0.789" /><testcase classname="tests.test_auth_email_password.TestAuthSignup" name="test_signup_short_password" time="0.038" /><testcase classname="tests.test_auth_email_password.TestAuthSignup" name="test_signup_invalid_email" time="0.042" /><testcase classname="tests.test_auth_email_password.TestAuthSignup" name="test_signup_missing_fields" time="0.086" /><testcase classname="tests.test_auth_email_password.TestAuthLogin" name="test_login_success" time="1.027" /><testcase classname="tests.test_auth_email_password.TestAuthLogin" name="test_login_wrong_password" time="0.654" /><testcase classname="tests.test_auth_email_password.TestAuthLogin" name="test_login_nonexistent_user" time="0.420" /><testcase classname="tests.test_auth_email_password.TestAuthLogin" name="test_login_invalid_email_format" time="0.250" /><testcase classname="tests.test_auth_email_password.TestAuthMe" name="test_get_current_user_authenticated" time="1.188" /><testcase classname="tests.test_auth_email_password.TestAuthMe" name="test_get_current_user_unauthenticated" time="0.060" /><testcase classname="tests.test_auth_email_password.TestAuthLogout" name="test_logout_success" time="1.372" /><testcase classname="tests.test_auth_email_password.TestAuthLogout" name="test_logout_invalidates_session" time="0.904" /><testcase classname="tests.test_auth_email_password.TestTestLogin" name="test_test_login_success" time="1.072" /></testsuite></testsuites>