<?xml version="1.0" encoding="utf-8"?><testsuites name="pytest tests"><testsuite name="pytest" errors="0" failures="0" skipped="0" tests="21" time="40.963" timestamp="2026-02-03T01:00:52.036448+00:00" hostname="agent-env-6e87a46c-68ab-4b09-acc7-f5dba342e328"><testcase classname="tests.test_export_api.TestExportAPI" name="test_get_field_mappings_returns_200" time="2.367" /><testcase classname="tests.test_export_api.TestExportAPI" name="test_get_field_mappings_contains_jira_mapping" time="2.162" /><testcase classname="tests.test_export_api.TestExportAPI" name="test_get_field_mappings_contains_azure_mapping" time="1.955" /><testcase classname="tests.test_export_api.TestExportAPI" name="test_get_field_mappings_contains_descriptions" time="1.669" /><testcase classname="tests.test_export_api.TestExportAPI" name="test_export_preview_returns_200" time="1.987" /><testcase classname="tests.test_export_api.TestExportAPI" name="test_export_preview_contains_epic_title" time="1.937" /><testcase classname="tests.test_export_api.TestExportAPI" name="test_export_preview_contains_counts" time="1.941" /><testcase classname="tests.test_export_api.TestExportAPI" name="test_export_preview_contains_items_list" time="1.939" /><testcase classname="tests.test_export_api.TestExportAPI" name="test_export_preview_nonexistent_epic_returns_404" time="1.900" /><testcase classname="tests.test_export_api.TestExportAPI" name="test_export_jira_csv_returns_200" time="1.924" /><testcase classname="tests.test_export_api.TestExportAPI" name="test_export_jira_csv_returns_csv_content" time="1.945" /><testcase classname="tests.test_export_api.TestExportAPI" name="test_export_jira_csv_has_correct_content_type" time="1.972" /><testcase classname="tests.test_export_api.TestExportAPI" name="test_export_azure_csv_returns_200" time="1.973" /><testcase classname="tests.test_export_api.TestExportAPI" name="test_export_azure_csv_returns_csv_content" time="1.903" /><testcase classname="tests.test_export_api.TestExportAPI" name="test_export_json_returns_200" time="1.987" /><testcase classname="tests.test_export_api.TestExportAPI" name="test_export_json_returns_valid_json" time="1.988" /><testcase classname="tests.test_export_api.TestExportAPI" name="test_export_json_contains_epic_data" time="1.940" /><testcase classname="tests.test_export_api.TestExportAPI" name="test_export_markdown_returns_200" time="1.944" /><testcase classname="tests.test_export_api.TestExportAPI" name="test_export_markdown_returns_markdown_content" time="1.935" /><testcase classname="tests.test_export_api.TestExportAPI" name="test_export_file_nonexistent_epic_returns_404" time="1.855" /><testcase classname="tests.test_export_api.TestExportAPI" name="test_export_file_invalid_format_returns_422" time="1.666" /></testsuite></testsuites>