<?xml version="1.0" encoding="utf-8"?><testsuites name="pytest tests"><testsuite name="pytest" errors="0" failures="0" skipped="0" tests="21" time="11.194" timestamp="2026-01-13T02:23:38.395447+00:00" hostname="agent-env-7981a28a-e16e-4120-9a56-822abb3861d7"><testcase classname="tests.test_delivery_context.TestDeliveryContextAPI" name="test_get_delivery_context_creates_empty_if_none" time="0.596" /><testcase classname="tests.test_delivery_context.TestDeliveryContextAPI" name="test_update_delivery_context_with_valid_data" time="0.464" /><testcase classname="tests.test_delivery_context.TestDeliveryContextAPI" name="test_get_delivery_context_returns_updated_data" time="0.866" /><testcase classname="tests.test_delivery_context.TestDeliveryContextAPI" name="test_validate_delivery_methodology_enum_waterfall" time="0.493" /><testcase classname="tests.test_delivery_context.TestDeliveryContextAPI" name="test_validate_delivery_methodology_enum_agile" time="0.497" /><testcase classname="tests.test_delivery_context.TestDeliveryContextAPI" name="test_validate_delivery_methodology_enum_scrum" time="0.428" /><testcase classname="tests.test_delivery_context.TestDeliveryContextAPI" name="test_validate_delivery_methodology_enum_kanban" time="0.427" /><testcase classname="tests.test_delivery_context.TestDeliveryContextAPI" name="test_validate_delivery_methodology_enum_hybrid" time="0.427" /><testcase classname="tests.test_delivery_context.TestDeliveryContextAPI" name="test_validate_delivery_methodology_invalid" time="0.219" /><testcase classname="tests.test_delivery_context.TestDeliveryContextAPI" name="test_validate_delivery_platform_enum_jira" time="0.457" /><testcase classname="tests.test_delivery_context.TestDeliveryContextAPI" name="test_validate_delivery_platform_enum_azure_devops" time="0.452" /><testcase classname="tests.test_delivery_context.TestDeliveryContextAPI" name="test_validate_delivery_platform_enum_none" time="0.442" /><testcase classname="tests.test_delivery_context.TestDeliveryContextAPI" name="test_validate_delivery_platform_enum_other" time="0.426" /><testcase classname="tests.test_delivery_context.TestDeliveryContextAPI" name="test_validate_delivery_platform_invalid" time="0.217" /><testcase classname="tests.test_delivery_context.TestDeliveryContextAPI" name="test_handle_null_values" time="0.455" /><testcase classname="tests.test_delivery_context.TestDeliveryContextAPI" name="test_handle_empty_string_values" time="0.259" /><testcase classname="tests.test_delivery_context.TestDeliveryContextAPI" name="test_partial_update" time="0.858" /><testcase classname="tests.test_delivery_context.TestDeliveryContextAPI" name="test_unauthenticated_request_rejected" time="0.036" /><testcase classname="tests.test_delivery_context.TestDeliveryContextAPI" name="test_sprint_cycle_length_validation" time="1.285" /><testcase classname="tests.test_delivery_context.TestDeliveryContextAPI" name="test_num_developers_validation" time="0.926" /><testcase classname="tests.test_delivery_context.TestDeliveryContextAPI" name="test_num_qa_validation" time="0.881" /></testsuite></testsuites>