<?xml version="1.0" encoding="utf-8"?><testsuites name="pytest tests"><testsuite name="pytest" errors="0" failures="5" skipped="0" tests="11" time="9.128" timestamp="2026-02-03T00:28:04.801595+00:00" hostname="agent-env-6e87a46c-68ab-4b09-acc7-f5dba342e328"><testcase classname="tests.test_epic_cascade_delete.TestEpicCreationAPI" name="test_create_epic" time="1.393" /><testcase classname="tests.test_epic_cascade_delete.TestEpicCreationAPI" name="test_create_epic_returns_snapshot" time="1.268" /><testcase classname="tests.test_epic_cascade_delete.TestFeatureCreationForEpic" name="test_list_features_for_epic" time="1.538" /><testcase classname="tests.test_epic_cascade_delete.TestEpicDeleteAPI" name="test_delete_epic_returns_200" time="1.262" /><testcase classname="tests.test_epic_cascade_delete.TestEpicDeleteAPI" name="test_deleted_epic_returns_404" time="1.548" /><testcase classname="tests.test_epic_cascade_delete.TestEpicDeleteAPI" name="test_delete_nonexistent_epic_returns_404" time="0.244" /><testcase classname="tests.test_epic_cascade_delete.TestCascadeDeleteWithDirectDBSetup" name="test_cascade_delete_features" time="0.424"><failure message="ImportError: cannot import name 'async_engine' from 'db.database' (/app/backend/db/database.py)">tests/test_epic_cascade_delete.py:209: in test_cascade_delete_features
    from db.database import async_engine, AsyncSessionLocal
E   ImportError: cannot import name 'async_engine' from 'db.database' (/app/backend/db/database.py)</failure></testcase><testcase classname="tests.test_epic_cascade_delete.TestCascadeDeleteWithDirectDBSetup" name="test_cascade_delete_user_stories" time="0.028"><failure message="TypeError: connect() got an unexpected keyword argument 'sslmode'">tests/test_epic_cascade_delete.py:373: in test_cascade_delete_user_stories
    data = loop.run_until_complete(_create_epic_with_story())
           ^^^^^^^^^^^^^^^^^^^^^^^^^^^^^^^^^^^^^^^^^^^^^^^^^^
/usr/local/lib/python3.11/asyncio/base_events.py:654: in run_until_complete
    return future.result()
           ^^^^^^^^^^^^^^^
tests/test_epic_cascade_delete.py:331: in _create_epic_with_story
    await session.flush()
/root/.venv/lib/python3.11/site-packages/sqlalchemy/ext/asyncio/session.py:787: in flush
    await greenlet_spawn(self.sync_session.flush, objects=objects)
/root/.venv/lib/python3.11/site-packages/sqlalchemy/util/_concurrency_py3k.py:190: in greenlet_spawn
    result = context.switch(*args, **kwargs)
             ^^^^^^^^^^^^^^^^^^^^^^^^^^^^^^^
/root/.venv/lib/python3.11/site-packages/sqlalchemy/orm/session.py:4331: in flush
    self._flush(objects)
/root/.venv/lib/python3.11/site-packages/sqlalchemy/orm/session.py:4466: in _flush
    with util.safe_reraise():
/root/.venv/lib/python3.11/site-packages/sqlalchemy/util/langhelpers.py:224: in __exit__
    raise exc_value.with_traceback(exc_tb)
/root/.venv/lib/python3.11/site-packages/sqlalchemy/orm/session.py:4427: in _flush
    flush_context.execute()
/root/.venv/lib/python3.11/site-packages/sqlalchemy/orm/unitofwork.py:466: in execute
    rec.execute(self)
/root/.venv/lib/python3.11/site-packages/sqlalchemy/orm/unitofwork.py:642: in execute
    util.preloaded.orm_persistence.save_obj(
/root/.venv/lib/python3.11/site-packages/sqlalchemy/orm/persistence.py:60: in save_obj
    for (
/root/.venv/lib/python3.11/site-packages/sqlalchemy/orm/persistence.py:223: in _organize_states_for_save
    for state, dict_, mapper, connection in _connections_for_states(
/root/.venv/lib/python3.11/site-packages/sqlalchemy/orm/persistence.py:1759: in _connections_for_states
    connection = uowtransaction.transaction.connection(base_mapper)
                 ^^^^^^^^^^^^^^^^^^^^^^^^^^^^^^^^^^^^^^^^^^^^^^^^^^
&lt;string&gt;:2: in connection
    ???
/root/.venv/lib/python3.11/site-packages/sqlalchemy/orm/state_changes.py:137: in _go
    ret_value = fn(self, *arg, **kw)
                ^^^^^^^^^^^^^^^^^^^^
/root/.venv/lib/python3.11/site-packages/sqlalchemy/orm/session.py:1037: in connection
    return self._connection_for_bind(bind, execution_options)
           ^^^^^^^^^^^^^^^^^^^^^^^^^^^^^^^^^^^^^^^^^^^^^^^^^^
&lt;string&gt;:2: in _connection_for_bind
    ???
/root/.venv/lib/python3.11/site-packages/sqlalchemy/orm/state_changes.py:137: in _go
    ret_value = fn(self, *arg, **kw)
                ^^^^^^^^^^^^^^^^^^^^
/root/.venv/lib/python3.11/site-packages/sqlalchemy/orm/session.py:1173: in _connection_for_bind
    conn = self._parent._connection_for_bind(
&lt;string&gt;:2: in _connection_for_bind
    ???
/root/.venv/lib/python3.11/site-packages/sqlalchemy/orm/state_changes.py:137: in _go
    ret_value = fn(self, *arg, **kw)
                ^^^^^^^^^^^^^^^^^^^^
/root/.venv/lib/python3.11/site-packages/sqlalchemy/orm/session.py:1187: in _connection_for_bind
    conn = bind.connect()
           ^^^^^^^^^^^^^^
/root/.venv/lib/python3.11/site-packages/sqlalchemy/engine/base.py:3285: in connect
    return self._connection_cls(self)
           ^^^^^^^^^^^^^^^^^^^^^^^^^^
/root/.venv/lib/python3.11/site-packages/sqlalchemy/engine/base.py:143: in __init__
    self._dbapi_connection = engine.raw_connection()
                             ^^^^^^^^^^^^^^^^^^^^^^^
/root/.venv/lib/python3.11/site-packages/sqlalchemy/engine/base.py:3309: in raw_connection
    return self.pool.connect()
           ^^^^^^^^^^^^^^^^^^^
/root/.venv/lib/python3.11/site-packages/sqlalchemy/pool/base.py:447: in connect
    return _ConnectionFairy._checkout(self)
           ^^^^^^^^^^^^^^^^^^^^^^^^^^^^^^^^
/root/.venv/lib/python3.11/site-packages/sqlalchemy/pool/base.py:1264: in _checkout
    fairy = _ConnectionRecord.checkout(pool)
            ^^^^^^^^^^^^^^^^^^^^^^^^^^^^^^^^
/root/.venv/lib/python3.11/site-packages/sqlalchemy/pool/base.py:711: in checkout
    rec = pool._do_get()
          ^^^^^^^^^^^^^^
/root/.venv/lib/python3.11/site-packages/sqlalchemy/pool/impl.py:177: in _do_get
    with util.safe_reraise():
/root/.venv/lib/python3.11/site-packages/sqlalchemy/util/langhelpers.py:224: in __exit__
    raise exc_value.with_traceback(exc_tb)
/root/.venv/lib/python3.11/site-packages/sqlalchemy/pool/impl.py:175: in _do_get
    return self._create_connection()
           ^^^^^^^^^^^^^^^^^^^^^^^^^
/root/.venv/lib/python3.11/site-packages/sqlalchemy/pool/base.py:388: in _create_connection
    return _ConnectionRecord(self)
           ^^^^^^^^^^^^^^^^^^^^^^^
/root/.venv/lib/python3.11/site-packages/sqlalchemy/pool/base.py:673: in __init__
    self.__connect()
/root/.venv/lib/python3.11/site-packages/sqlalchemy/pool/base.py:899: in __connect
    with util.safe_reraise():
/root/.venv/lib/python3.11/site-packages/sqlalchemy/util/langhelpers.py:224: in __exit__
    raise exc_value.with_traceback(exc_tb)
/root/.venv/lib/python3.11/site-packages/sqlalchemy/pool/base.py:895: in __connect
    self.dbapi_connection = connection = pool._invoke_creator(self)
                                         ^^^^^^^^^^^^^^^^^^^^^^^^^^
/root/.venv/lib/python3.11/site-packages/sqlalchemy/engine/create.py:661: in connect
    return dialect.connect(*cargs, **cparams)
           ^^^^^^^^^^^^^^^^^^^^^^^^^^^^^^^^^^
/root/.venv/lib/python3.11/site-packages/sqlalchemy/engine/default.py:630: in connect
    return self.loaded_dbapi.connect(*cargs, **cparams)  # type: ignore[no-any-return]  # NOQA: E501
           ^^^^^^^^^^^^^^^^^^^^^^^^^^^^^^^^^^^^^^^^^^^^
/root/.venv/lib/python3.11/site-packages/sqlalchemy/dialects/postgresql/asyncpg.py:955: in connect
    await_only(creator_fn(*arg, **kw)),
               ^^^^^^^^^^^^^^^^^^^^^^
E   TypeError: connect() got an unexpected keyword argument 'sslmode'</failure></testcase><testcase classname="tests.test_epic_cascade_delete.TestCascadeDeleteWithDirectDBSetup" name="test_cascade_delete_transcript_events" time="0.002"><failure message="TypeError: connect() got an unexpected keyword argument 'sslmode'">tests/test_epic_cascade_delete.py:465: in test_cascade_delete_transcript_events
    epic_id = loop.run_until_complete(_create_epic_with_transcript())
              ^^^^^^^^^^^^^^^^^^^^^^^^^^^^^^^^^^^^^^^^^^^^^^^^^^^^^^^
/usr/local/lib/python3.11/asyncio/base_events.py:654: in run_until_complete
    return future.result()
           ^^^^^^^^^^^^^^^
tests/test_epic_cascade_delete.py:439: in _create_epic_with_transcript
    await session.flush()
/root/.venv/lib/python3.11/site-packages/sqlalchemy/ext/asyncio/session.py:787: in flush
    await greenlet_spawn(self.sync_session.flush, objects=objects)
/root/.venv/lib/python3.11/site-packages/sqlalchemy/util/_concurrency_py3k.py:190: in greenlet_spawn
    result = context.switch(*args, **kwargs)
             ^^^^^^^^^^^^^^^^^^^^^^^^^^^^^^^
/root/.venv/lib/python3.11/site-packages/sqlalchemy/orm/session.py:4331: in flush
    self._flush(objects)
/root/.venv/lib/python3.11/site-packages/sqlalchemy/orm/session.py:4466: in _flush
    with util.safe_reraise():
/root/.venv/lib/python3.11/site-packages/sqlalchemy/util/langhelpers.py:224: in __exit__
    raise exc_value.with_traceback(exc_tb)
/root/.venv/lib/python3.11/site-packages/sqlalchemy/orm/session.py:4427: in _flush
    flush_context.execute()
/root/.venv/lib/python3.11/site-packages/sqlalchemy/orm/unitofwork.py:466: in execute
    rec.execute(self)
/root/.venv/lib/python3.11/site-packages/sqlalchemy/orm/unitofwork.py:642: in execute
    util.preloaded.orm_persistence.save_obj(
/root/.venv/lib/python3.11/site-packages/sqlalchemy/orm/persistence.py:60: in save_obj
    for (
/root/.venv/lib/python3.11/site-packages/sqlalchemy/orm/persistence.py:223: in _organize_states_for_save
    for state, dict_, mapper, connection in _connections_for_states(
/root/.venv/lib/python3.11/site-packages/sqlalchemy/orm/persistence.py:1759: in _connections_for_states
    connection = uowtransaction.transaction.connection(base_mapper)
                 ^^^^^^^^^^^^^^^^^^^^^^^^^^^^^^^^^^^^^^^^^^^^^^^^^^
&lt;string&gt;:2: in connection
    ???
/root/.venv/lib/python3.11/site-packages/sqlalchemy/orm/state_changes.py:137: in _go
    ret_value = fn(self, *arg, **kw)
                ^^^^^^^^^^^^^^^^^^^^
/root/.venv/lib/python3.11/site-packages/sqlalchemy/orm/session.py:1037: in connection
    return self._connection_for_bind(bind, execution_options)
           ^^^^^^^^^^^^^^^^^^^^^^^^^^^^^^^^^^^^^^^^^^^^^^^^^^
&lt;string&gt;:2: in _connection_for_bind
    ???
/root/.venv/lib/python3.11/site-packages/sqlalchemy/orm/state_changes.py:137: in _go
    ret_value = fn(self, *arg, **kw)
                ^^^^^^^^^^^^^^^^^^^^
/root/.venv/lib/python3.11/site-packages/sqlalchemy/orm/session.py:1173: in _connection_for_bind
    conn = self._parent._connection_for_bind(
&lt;string&gt;:2: in _connection_for_bind
    ???
/root/.venv/lib/python3.11/site-packages/sqlalchemy/orm/state_changes.py:137: in _go
    ret_value = fn(self, *arg, **kw)
                ^^^^^^^^^^^^^^^^^^^^
/root/.venv/lib/python3.11/site-packages/sqlalchemy/orm/session.py:1187: in _connection_for_bind
    conn = bind.connect()
           ^^^^^^^^^^^^^^
/root/.venv/lib/python3.11/site-packages/sqlalchemy/engine/base.py:3285: in connect
    return self._connection_cls(self)
           ^^^^^^^^^^^^^^^^^^^^^^^^^^
/root/.venv/lib/python3.11/site-packages/sqlalchemy/engine/base.py:143: in __init__
    self._dbapi_connection = engine.raw_connection()
                             ^^^^^^^^^^^^^^^^^^^^^^^
/root/.venv/lib/python3.11/site-packages/sqlalchemy/engine/base.py:3309: in raw_connection
    return self.pool.connect()
           ^^^^^^^^^^^^^^^^^^^
/root/.venv/lib/python3.11/site-packages/sqlalchemy/pool/base.py:447: in connect
    return _ConnectionFairy._checkout(self)
           ^^^^^^^^^^^^^^^^^^^^^^^^^^^^^^^^
/root/.venv/lib/python3.11/site-packages/sqlalchemy/pool/base.py:1264: in _checkout
    fairy = _ConnectionRecord.checkout(pool)
            ^^^^^^^^^^^^^^^^^^^^^^^^^^^^^^^^
/root/.venv/lib/python3.11/site-packages/sqlalchemy/pool/base.py:711: in checkout
    rec = pool._do_get()
          ^^^^^^^^^^^^^^
/root/.venv/lib/python3.11/site-packages/sqlalchemy/pool/impl.py:177: in _do_get
    with util.safe_reraise():
/root/.venv/lib/python3.11/site-packages/sqlalchemy/util/langhelpers.py:224: in __exit__
    raise exc_value.with_traceback(exc_tb)
/root/.venv/lib/python3.11/site-packages/sqlalchemy/pool/impl.py:175: in _do_get
    return self._create_connection()
           ^^^^^^^^^^^^^^^^^^^^^^^^^
/root/.venv/lib/python3.11/site-packages/sqlalchemy/pool/base.py:388: in _create_connection
    return _ConnectionRecord(self)
           ^^^^^^^^^^^^^^^^^^^^^^^
/root/.venv/lib/python3.11/site-packages/sqlalchemy/pool/base.py:673: in __init__
    self.__connect()
/root/.venv/lib/python3.11/site-packages/sqlalchemy/pool/base.py:899: in __connect
    with util.safe_reraise():
/root/.venv/lib/python3.11/site-packages/sqlalchemy/util/langhelpers.py:224: in __exit__
    raise exc_value.with_traceback(exc_tb)
/root/.venv/lib/python3.11/site-packages/sqlalchemy/pool/base.py:895: in __connect
    self.dbapi_connection = connection = pool._invoke_creator(self)
                                         ^^^^^^^^^^^^^^^^^^^^^^^^^^
/root/.venv/lib/python3.11/site-packages/sqlalchemy/engine/create.py:661: in connect
    return dialect.connect(*cargs, **cparams)
           ^^^^^^^^^^^^^^^^^^^^^^^^^^^^^^^^^^
/root/.venv/lib/python3.11/site-packages/sqlalchemy/engine/default.py:630: in connect
    return self.loaded_dbapi.connect(*cargs, **cparams)  # type: ignore[no-any-return]  # NOQA: E501
           ^^^^^^^^^^^^^^^^^^^^^^^^^^^^^^^^^^^^^^^^^^^^
/root/.venv/lib/python3.11/site-packages/sqlalchemy/dialects/postgresql/asyncpg.py:955: in connect
    await_only(creator_fn(*arg, **kw)),
               ^^^^^^^^^^^^^^^^^^^^^^
E   TypeError: connect() got an unexpected keyword argument 'sslmode'</failure></testcase><testcase classname="tests.test_epic_cascade_delete.TestCascadeDeleteWithDirectDBSetup" name="test_cascade_delete_snapshots" time="0.002"><failure message="TypeError: connect() got an unexpected keyword argument 'sslmode'">tests/test_epic_cascade_delete.py:549: in test_cascade_delete_snapshots
    epic_id = loop.run_until_complete(_create_epic_with_snapshot())
              ^^^^^^^^^^^^^^^^^^^^^^^^^^^^^^^^^^^^^^^^^^^^^^^^^^^^^
/usr/local/lib/python3.11/asyncio/base_events.py:654: in run_until_complete
    return future.result()
           ^^^^^^^^^^^^^^^
tests/test_epic_cascade_delete.py:530: in _create_epic_with_snapshot
    await session.flush()
/root/.venv/lib/python3.11/site-packages/sqlalchemy/ext/asyncio/session.py:787: in flush
    await greenlet_spawn(self.sync_session.flush, objects=objects)
/root/.venv/lib/python3.11/site-packages/sqlalchemy/util/_concurrency_py3k.py:190: in greenlet_spawn
    result = context.switch(*args, **kwargs)
             ^^^^^^^^^^^^^^^^^^^^^^^^^^^^^^^
/root/.venv/lib/python3.11/site-packages/sqlalchemy/orm/session.py:4331: in flush
    self._flush(objects)
/root/.venv/lib/python3.11/site-packages/sqlalchemy/orm/session.py:4466: in _flush
    with util.safe_reraise():
/root/.venv/lib/python3.11/site-packages/sqlalchemy/util/langhelpers.py:224: in __exit__
    raise exc_value.with_traceback(exc_tb)
/root/.venv/lib/python3.11/site-packages/sqlalchemy/orm/session.py:4427: in _flush
    flush_context.execute()
/root/.venv/lib/python3.11/site-packages/sqlalchemy/orm/unitofwork.py:466: in execute
    rec.execute(self)
/root/.venv/lib/python3.11/site-packages/sqlalchemy/orm/unitofwork.py:642: in execute
    util.preloaded.orm_persistence.save_obj(
/root/.venv/lib/python3.11/site-packages/sqlalchemy/orm/persistence.py:60: in save_obj
    for (
/root/.venv/lib/python3.11/site-packages/sqlalchemy/orm/persistence.py:223: in _organize_states_for_save
    for state, dict_, mapper, connection in _connections_for_states(
/root/.venv/lib/python3.11/site-packages/sqlalchemy/orm/persistence.py:1759: in _connections_for_states
    connection = uowtransaction.transaction.connection(base_mapper)
                 ^^^^^^^^^^^^^^^^^^^^^^^^^^^^^^^^^^^^^^^^^^^^^^^^^^
&lt;string&gt;:2: in connection
    ???
/root/.venv/lib/python3.11/site-packages/sqlalchemy/orm/state_changes.py:137: in _go
    ret_value = fn(self, *arg, **kw)
                ^^^^^^^^^^^^^^^^^^^^
/root/.venv/lib/python3.11/site-packages/sqlalchemy/orm/session.py:1037: in connection
    return self._connection_for_bind(bind, execution_options)
           ^^^^^^^^^^^^^^^^^^^^^^^^^^^^^^^^^^^^^^^^^^^^^^^^^^
&lt;string&gt;:2: in _connection_for_bind
    ???
/root/.venv/lib/python3.11/site-packages/sqlalchemy/orm/state_changes.py:137: in _go
    ret_value = fn(self, *arg, **kw)
                ^^^^^^^^^^^^^^^^^^^^
/root/.venv/lib/python3.11/site-packages/sqlalchemy/orm/session.py:1173: in _connection_for_bind
    conn = self._parent._connection_for_bind(
&lt;string&gt;:2: in _connection_for_bind
    ???
/root/.venv/lib/python3.11/site-packages/sqlalchemy/orm/state_changes.py:137: in _go
    ret_value = fn(self, *arg, **kw)
                ^^^^^^^^^^^^^^^^^^^^
/root/.venv/lib/python3.11/site-packages/sqlalchemy/orm/session.py:1187: in _connection_for_bind
    conn = bind.connect()
           ^^^^^^^^^^^^^^
/root/.venv/lib/python3.11/site-packages/sqlalchemy/engine/base.py:3285: in connect
    return self._connection_cls(self)
           ^^^^^^^^^^^^^^^^^^^^^^^^^^
/root/.venv/lib/python3.11/site-packages/sqlalchemy/engine/base.py:143: in __init__
    self._dbapi_connection = engine.raw_connection()
                             ^^^^^^^^^^^^^^^^^^^^^^^
/root/.venv/lib/python3.11/site-packages/sqlalchemy/engine/base.py:3309: in raw_connection
    return self.pool.connect()
           ^^^^^^^^^^^^^^^^^^^
/root/.venv/lib/python3.11/site-packages/sqlalchemy/pool/base.py:447: in connect
    return _ConnectionFairy._checkout(self)
           ^^^^^^^^^^^^^^^^^^^^^^^^^^^^^^^^
/root/.venv/lib/python3.11/site-packages/sqlalchemy/pool/base.py:1264: in _checkout
    fairy = _ConnectionRecord.checkout(pool)
            ^^^^^^^^^^^^^^^^^^^^^^^^^^^^^^^^
/root/.venv/lib/python3.11/site-packages/sqlalchemy/pool/base.py:711: in checkout
    rec = pool._do_get()
          ^^^^^^^^^^^^^^
/root/.venv/lib/python3.11/site-packages/sqlalchemy/pool/impl.py:177: in _do_get
    with util.safe_reraise():
/root/.venv/lib/python3.11/site-packages/sqlalchemy/util/langhelpers.py:224: in __exit__
    raise exc_value.with_traceback(exc_tb)
/root/.venv/lib/python3.11/site-packages/sqlalchemy/pool/impl.py:175: in _do_get
    return self._create_connection()
           ^^^^^^^^^^^^^^^^^^^^^^^^^
/root/.venv/lib/python3.11/site-packages/sqlalchemy/pool/base.py:388: in _create_connection
    return _ConnectionRecord(self)
           ^^^^^^^^^^^^^^^^^^^^^^^
/root/.venv/lib/python3.11/site-packages/sqlalchemy/pool/base.py:673: in __init__
    self.__connect()
/root/.venv/lib/python3.11/site-packages/sqlalchemy/pool/base.py:899: in __connect
    with util.safe_reraise():
/root/.venv/lib/python3.11/site-packages/sqlalchemy/util/langhelpers.py:224: in __exit__
    raise exc_value.with_traceback(exc_tb)
/root/.venv/lib/python3.11/site-packages/sqlalchemy/pool/base.py:895: in __connect
    self.dbapi_connection = connection = pool._invoke_creator(self)
                                         ^^^^^^^^^^^^^^^^^^^^^^^^^^
/root/.venv/lib/python3.11/site-packages/sqlalchemy/engine/create.py:661: in connect
    return dialect.connect(*cargs, **cparams)
           ^^^^^^^^^^^^^^^^^^^^^^^^^^^^^^^^^^
/root/.venv/lib/python3.11/site-packages/sqlalchemy/engine/default.py:630: in connect
    return self.loaded_dbapi.connect(*cargs, **cparams)  # type: ignore[no-any-return]  # NOQA: E501
           ^^^^^^^^^^^^^^^^^^^^^^^^^^^^^^^^^^^^^^^^^^^^
/root/.venv/lib/python3.11/site-packages/sqlalchemy/dialects/postgresql/asyncpg.py:955: in connect
    await_only(creator_fn(*arg, **kw)),
               ^^^^^^^^^^^^^^^^^^^^^^
E   TypeError: connect() got an unexpected keyword argument 'sslmode'</failure></testcase><testcase classname="tests.test_epic_cascade_delete.TestFullCascadeDeleteWorkflow" name="test_full_cascade_workflow" time="0.002"><failure message="TypeError: connect() got an unexpected keyword argument 'sslmode'">tests/test_epic_cascade_delete.py:689: in test_full_cascade_workflow
    data = loop.run_until_complete(_create_full_hierarchy())
           ^^^^^^^^^^^^^^^^^^^^^^^^^^^^^^^^^^^^^^^^^^^^^^^^^
/usr/local/lib/python3.11/asyncio/base_events.py:654: in run_until_complete
    return future.result()
           ^^^^^^^^^^^^^^^
tests/test_epic_cascade_delete.py:621: in _create_full_hierarchy
    await session.flush()
/root/.venv/lib/python3.11/site-packages/sqlalchemy/ext/asyncio/session.py:787: in flush
    await greenlet_spawn(self.sync_session.flush, objects=objects)
/root/.venv/lib/python3.11/site-packages/sqlalchemy/util/_concurrency_py3k.py:190: in greenlet_spawn
    result = context.switch(*args, **kwargs)
             ^^^^^^^^^^^^^^^^^^^^^^^^^^^^^^^
/root/.venv/lib/python3.11/site-packages/sqlalchemy/orm/session.py:4331: in flush
    self._flush(objects)
/root/.venv/lib/python3.11/site-packages/sqlalchemy/orm/session.py:4466: in _flush
    with util.safe_reraise():
/root/.venv/lib/python3.11/site-packages/sqlalchemy/util/langhelpers.py:224: in __exit__
    raise exc_value.with_traceback(exc_tb)
/root/.venv/lib/python3.11/site-packages/sqlalchemy/orm/session.py:4427: in _flush
    flush_context.execute()
/root/.venv/lib/python3.11/site-packages/sqlalchemy/orm/unitofwork.py:466: in execute
    rec.execute(self)
/root/.venv/lib/python3.11/site-packages/sqlalchemy/orm/unitofwork.py:642: in execute
    util.preloaded.orm_persistence.save_obj(
/root/.venv/lib/python3.11/site-packages/sqlalchemy/orm/persistence.py:60: in save_obj
    for (
/root/.venv/lib/python3.11/site-packages/sqlalchemy/orm/persistence.py:223: in _organize_states_for_save
    for state, dict_, mapper, connection in _connections_for_states(
/root/.venv/lib/python3.11/site-packages/sqlalchemy/orm/persistence.py:1759: in _connections_for_states
    connection = uowtransaction.transaction.connection(base_mapper)
                 ^^^^^^^^^^^^^^^^^^^^^^^^^^^^^^^^^^^^^^^^^^^^^^^^^^
&lt;string&gt;:2: in connection
    ???
/root/.venv/lib/python3.11/site-packages/sqlalchemy/orm/state_changes.py:137: in _go
    ret_value = fn(self, *arg, **kw)
                ^^^^^^^^^^^^^^^^^^^^
/root/.venv/lib/python3.11/site-packages/sqlalchemy/orm/session.py:1037: in connection
    return self._connection_for_bind(bind, execution_options)
           ^^^^^^^^^^^^^^^^^^^^^^^^^^^^^^^^^^^^^^^^^^^^^^^^^^
&lt;string&gt;:2: in _connection_for_bind
    ???
/root/.venv/lib/python3.11/site-packages/sqlalchemy/orm/state_changes.py:137: in _go
    ret_value = fn(self, *arg, **kw)
                ^^^^^^^^^^^^^^^^^^^^
/root/.venv/lib/python3.11/site-packages/sqlalchemy/orm/session.py:1173: in _connection_for_bind
    conn = self._parent._connection_for_bind(
&lt;string&gt;:2: in _connection_for_bind
    ???
/root/.venv/lib/python3.11/site-packages/sqlalchemy/orm/state_changes.py:137: in _go
    ret_value = fn(self, *arg, **kw)
                ^^^^^^^^^^^^^^^^^^^^
/root/.venv/lib/python3.11/site-packages/sqlalchemy/orm/session.py:1187: in _connection_for_bind
    conn = bind.connect()
           ^^^^^^^^^^^^^^
/root/.venv/lib/python3.11/site-packages/sqlalchemy/engine/base.py:3285: in connect
    return self._connection_cls(self)
           ^^^^^^^^^^^^^^^^^^^^^^^^^^
/root/.venv/lib/python3.11/site-packages/sqlalchemy/engine/base.py:143: in __init__
    self._dbapi_connection = engine.raw_connection()
                             ^^^^^^^^^^^^^^^^^^^^^^^
/root/.venv/lib/python3.11/site-packages/sqlalchemy/engine/base.py:3309: in raw_connection
    return self.pool.connect()
           ^^^^^^^^^^^^^^^^^^^
/root/.venv/lib/python3.11/site-packages/sqlalchemy/pool/base.py:447: in connect
    return _ConnectionFairy._checkout(self)
           ^^^^^^^^^^^^^^^^^^^^^^^^^^^^^^^^
/root/.venv/lib/python3.11/site-packages/sqlalchemy/pool/base.py:1264: in _checkout
    fairy = _ConnectionRecord.checkout(pool)
            ^^^^^^^^^^^^^^^^^^^^^^^^^^^^^^^^
/root/.venv/lib/python3.11/site-packages/sqlalchemy/pool/base.py:711: in checkout
    rec = pool._do_get()
          ^^^^^^^^^^^^^^
/root/.venv/lib/python3.11/site-packages/sqlalchemy/pool/impl.py:177: in _do_get
    with util.safe_reraise():
/root/.venv/lib/python3.11/site-packages/sqlalchemy/util/langhelpers.py:224: in __exit__
    raise exc_value.with_traceback(exc_tb)
/root/.venv/lib/python3.11/site-packages/sqlalchemy/pool/impl.py:175: in _do_get
    return self._create_connection()
           ^^^^^^^^^^^^^^^^^^^^^^^^^
/root/.venv/lib/python3.11/site-packages/sqlalchemy/pool/base.py:388: in _create_connection
    return _ConnectionRecord(self)
           ^^^^^^^^^^^^^^^^^^^^^^^
/root/.venv/lib/python3.11/site-packages/sqlalchemy/pool/base.py:673: in __init__
    self.__connect()
/root/.venv/lib/python3.11/site-packages/sqlalchemy/pool/base.py:899: in __connect
    with util.safe_reraise():
/root/.venv/lib/python3.11/site-packages/sqlalchemy/util/langhelpers.py:224: in __exit__
    raise exc_value.with_traceback(exc_tb)
/root/.venv/lib/python3.11/site-packages/sqlalchemy/pool/base.py:895: in __connect
    self.dbapi_connection = connection = pool._invoke_creator(self)
                                         ^^^^^^^^^^^^^^^^^^^^^^^^^^
/root/.venv/lib/python3.11/site-packages/sqlalchemy/engine/create.py:661: in connect
    return dialect.connect(*cargs, **cparams)
           ^^^^^^^^^^^^^^^^^^^^^^^^^^^^^^^^^^
/root/.venv/lib/python3.11/site-packages/sqlalchemy/engine/default.py:630: in connect
    return self.loaded_dbapi.connect(*cargs, **cparams)  # type: ignore[no-any-return]  # NOQA: E501
           ^^^^^^^^^^^^^^^^^^^^^^^^^^^^^^^^^^^^^^^^^^^^
/root/.venv/lib/python3.11/site-packages/sqlalchemy/dialects/postgresql/asyncpg.py:955: in connect
    await_only(creator_fn(*arg, **kw)),
               ^^^^^^^^^^^^^^^^^^^^^^
E   TypeError: connect() got an unexpected keyword argument 'sslmode'</failure></testcase></testsuite></testsuites>