<?xml version="1.0" encoding="utf-8"?><testsuites name="pytest tests"><testsuite name="pytest" errors="0" failures="0" skipped="0" tests="23" time="31.005" timestamp="2026-02-06T02:26:44.968415+00:00" hostname="agent-env-66aa4e69-725b-472e-83b8-bb90dd88cf8c"><testcase classname="backend.tests.test_scoring_api.TestScoringOptions" name="test_get_scoring_options" time="0.634" /><testcase classname="backend.tests.test_scoring_api.TestScoredItems" name="test_get_scored_items_requires_auth" time="0.040" /><testcase classname="backend.tests.test_scoring_api.TestScoredItems" name="test_get_scored_items" time="0.623" /><testcase classname="backend.tests.test_scoring_api.TestScoredItems" name="test_scored_items_structure" time="0.721" /><testcase classname="backend.tests.test_scoring_api.TestItemsForScoring" name="test_get_items_for_scoring_requires_auth" time="0.042" /><testcase classname="backend.tests.test_scoring_api.TestItemsForScoring" name="test_get_items_for_scoring" time="0.287" /><testcase classname="backend.tests.test_scoring_api.TestItemsForScoring" name="test_items_for_scoring_epic_structure" time="0.321" /><testcase classname="backend.tests.test_scoring_api.TestEpicScores" name="test_get_epic_scores_requires_auth" time="0.036" /><testcase classname="backend.tests.test_scoring_api.TestEpicScores" name="test_get_epic_scores" time="0.428" /><testcase classname="backend.tests.test_scoring_api.TestEpicScores" name="test_get_epic_scores_features_structure" time="0.428" /><testcase classname="backend.tests.test_scoring_api.TestEpicScores" name="test_get_epic_scores_stories_structure" time="0.370" /><testcase classname="backend.tests.test_scoring_api.TestEpicScores" name="test_get_epic_scores_not_found" time="0.201" /><testcase classname="backend.tests.test_scoring_api.TestEpicMoSCoW" name="test_get_epic_moscow" time="0.200" /><testcase classname="backend.tests.test_scoring_api.TestEpicMoSCoW" name="test_update_epic_moscow" time="0.584" /><testcase classname="backend.tests.test_scoring_api.TestEpicMoSCoW" name="test_update_epic_moscow_invalid_score" time="0.230" /><testcase classname="backend.tests.test_scoring_api.TestFeatureScoring" name="test_get_feature_scores" time="0.568" /><testcase classname="backend.tests.test_scoring_api.TestFeatureScoring" name="test_update_feature_moscow" time="0.799" /><testcase classname="backend.tests.test_scoring_api.TestFeatureScoring" name="test_update_feature_rice" time="0.783" /><testcase classname="backend.tests.test_scoring_api.TestStoryScoring" name="test_get_story_rice" time="0.570" /><testcase classname="backend.tests.test_scoring_api.TestStoryScoring" name="test_update_story_rice" time="0.797" /><testcase classname="backend.tests.test_scoring_api.TestBulkScoring" name="test_bulk_score_all_requires_auth" time="0.056" /><testcase classname="backend.tests.test_scoring_api.TestBulkScoring" name="test_bulk_score_all_requires_llm" time="21.254" /><testcase classname="backend.tests.test_scoring_api.TestDataPersistence" name="test_feature_score_persistence" time="0.906" /></testsuite></testsuites>