<?xml version="1.0" encoding="utf-8"?><testsuites name="pytest tests"><testsuite name="pytest" errors="0" failures="20" skipped="0" tests="34" time="7.485" timestamp="2026-02-02T21:49:30.218453+00:00" hostname="agent-env-6e87a46c-68ab-4b09-acc7-f5dba342e328"><testcase classname="tests.test_scoring_api.TestScoringOptions" name="test_get_scoring_options_success" time="1.240" /><testcase classname="tests.test_scoring_api.TestEpicMoSCoWScoring" name="test_get_epic_moscow_success" time="0.313"><failure message="assert 404 == 200&#10; +  where 404 = &lt;Response [404]&gt;.status_code">tests/test_scoring_api.py:62: in test_get_epic_moscow_success
    assert response.status_code == 200
E   assert 404 == 200
E    +  where 404 = &lt;Response [404]&gt;.status_code</failure></testcase><testcase classname="tests.test_scoring_api.TestEpicMoSCoWScoring" name="test_get_epic_moscow_not_found" time="0.216" /><testcase classname="tests.test_scoring_api.TestEpicMoSCoWScoring" name="test_update_epic_moscow_must_have" time="0.250"><failure message="assert 404 == 200&#10; +  where 404 = &lt;Response [404]&gt;.status_code">tests/test_scoring_api.py:81: in test_update_epic_moscow_must_have
    assert response.status_code == 200
E   assert 404 == 200
E    +  where 404 = &lt;Response [404]&gt;.status_code</failure></testcase><testcase classname="tests.test_scoring_api.TestEpicMoSCoWScoring" name="test_update_epic_moscow_should_have" time="0.216"><failure message="assert 404 == 200&#10; +  where 404 = &lt;Response [404]&gt;.status_code">tests/test_scoring_api.py:93: in test_update_epic_moscow_should_have
    assert response.status_code == 200
E   assert 404 == 200
E    +  where 404 = &lt;Response [404]&gt;.status_code</failure></testcase><testcase classname="tests.test_scoring_api.TestEpicMoSCoWScoring" name="test_update_epic_moscow_could_have" time="0.219"><failure message="assert 404 == 200&#10; +  where 404 = &lt;Response [404]&gt;.status_code">tests/test_scoring_api.py:105: in test_update_epic_moscow_could_have
    assert response.status_code == 200
E   assert 404 == 200
E    +  where 404 = &lt;Response [404]&gt;.status_code</failure></testcase><testcase classname="tests.test_scoring_api.TestEpicMoSCoWScoring" name="test_update_epic_moscow_wont_have" time="0.209"><failure message="assert 404 == 200&#10; +  where 404 = &lt;Response [404]&gt;.status_code">tests/test_scoring_api.py:117: in test_update_epic_moscow_wont_have
    assert response.status_code == 200
E   assert 404 == 200
E    +  where 404 = &lt;Response [404]&gt;.status_code</failure></testcase><testcase classname="tests.test_scoring_api.TestEpicMoSCoWScoring" name="test_update_epic_moscow_invalid_score" time="0.212"><failure message="assert 404 == 400&#10; +  where 404 = &lt;Response [404]&gt;.status_code">tests/test_scoring_api.py:129: in test_update_epic_moscow_invalid_score
    assert response.status_code == 400
E   assert 404 == 400
E    +  where 404 = &lt;Response [404]&gt;.status_code</failure></testcase><testcase classname="tests.test_scoring_api.TestEpicMoSCoWScoring" name="test_update_epic_moscow_not_found" time="0.250" /><testcase classname="tests.test_scoring_api.TestFeatureScoring" name="test_get_feature_scores_success" time="0.279"><failure message="assert 404 == 200&#10; +  where 404 = &lt;Response [404]&gt;.status_code">tests/test_scoring_api.py:147: in test_get_feature_scores_success
    assert response.status_code == 200
E   assert 404 == 200
E    +  where 404 = &lt;Response [404]&gt;.status_code</failure></testcase><testcase classname="tests.test_scoring_api.TestFeatureScoring" name="test_get_feature_scores_not_found" time="0.211" /><testcase classname="tests.test_scoring_api.TestFeatureScoring" name="test_update_feature_moscow_success" time="0.211"><failure message="assert 404 == 200&#10; +  where 404 = &lt;Response [404]&gt;.status_code">tests/test_scoring_api.py:170: in test_update_feature_moscow_success
    assert response.status_code == 200
E   assert 404 == 200
E    +  where 404 = &lt;Response [404]&gt;.status_code</failure></testcase><testcase classname="tests.test_scoring_api.TestFeatureScoring" name="test_update_feature_moscow_invalid" time="0.208"><failure message="assert 404 == 400&#10; +  where 404 = &lt;Response [404]&gt;.status_code">tests/test_scoring_api.py:182: in test_update_feature_moscow_invalid
    assert response.status_code == 400
E   assert 404 == 400
E    +  where 404 = &lt;Response [404]&gt;.status_code</failure></testcase><testcase classname="tests.test_scoring_api.TestFeatureScoring" name="test_update_feature_rice_success" time="0.210"><failure message="assert 404 == 200&#10; +  where 404 = &lt;Response [404]&gt;.status_code">tests/test_scoring_api.py:195: in test_update_feature_rice_success
    assert response.status_code == 200
E   assert 404 == 200
E    +  where 404 = &lt;Response [404]&gt;.status_code</failure></testcase><testcase classname="tests.test_scoring_api.TestFeatureScoring" name="test_update_feature_rice_invalid_reach" time="0.008" /><testcase classname="tests.test_scoring_api.TestFeatureScoring" name="test_update_feature_rice_invalid_impact" time="0.251"><failure message="assert 404 == 400&#10; +  where 404 = &lt;Response [404]&gt;.status_code">tests/test_scoring_api.py:229: in test_update_feature_rice_invalid_impact
    assert response.status_code == 400
E   assert 404 == 400
E    +  where 404 = &lt;Response [404]&gt;.status_code</failure></testcase><testcase classname="tests.test_scoring_api.TestFeatureScoring" name="test_update_feature_rice_invalid_confidence" time="0.250"><failure message="assert 404 == 400&#10; +  where 404 = &lt;Response [404]&gt;.status_code">tests/test_scoring_api.py:242: in test_update_feature_rice_invalid_confidence
    assert response.status_code == 400
E   assert 404 == 400
E    +  where 404 = &lt;Response [404]&gt;.status_code</failure></testcase><testcase classname="tests.test_scoring_api.TestFeatureScoring" name="test_update_feature_rice_invalid_effort" time="0.008" /><testcase classname="tests.test_scoring_api.TestUserStoryRICEScoring" name="test_get_story_rice_success" time="0.280"><failure message="assert 404 == 200&#10; +  where 404 = &lt;Response [404]&gt;.status_code">tests/test_scoring_api.py:264: in test_get_story_rice_success
    assert response.status_code == 200
E   assert 404 == 200
E    +  where 404 = &lt;Response [404]&gt;.status_code</failure></testcase><testcase classname="tests.test_scoring_api.TestUserStoryRICEScoring" name="test_get_story_rice_not_found" time="0.249" /><testcase classname="tests.test_scoring_api.TestUserStoryRICEScoring" name="test_update_story_rice_success" time="0.209"><failure message="assert 404 == 200&#10; +  where 404 = &lt;Response [404]&gt;.status_code">tests/test_scoring_api.py:291: in test_update_story_rice_success
    assert response.status_code == 200
E   assert 404 == 200
E    +  where 404 = &lt;Response [404]&gt;.status_code</failure></testcase><testcase classname="tests.test_scoring_api.TestUserStoryRICEScoring" name="test_update_story_rice_invalid_values" time="0.050" /><testcase classname="tests.test_scoring_api.TestBugRICEScoring" name="test_get_bug_rice_success" time="0.242"><failure message="assert 404 == 200&#10; +  where 404 = &lt;Response [404]&gt;.status_code">tests/test_scoring_api.py:321: in test_get_bug_rice_success
    assert response.status_code == 200
E   assert 404 == 200
E    +  where 404 = &lt;Response [404]&gt;.status_code</failure></testcase><testcase classname="tests.test_scoring_api.TestBugRICEScoring" name="test_get_bug_rice_not_found" time="0.213" /><testcase classname="tests.test_scoring_api.TestBugRICEScoring" name="test_update_bug_rice_success" time="0.251"><failure message="assert 404 == 200&#10; +  where 404 = &lt;Response [404]&gt;.status_code">tests/test_scoring_api.py:348: in test_update_bug_rice_success
    assert response.status_code == 200
E   assert 404 == 200
E    +  where 404 = &lt;Response [404]&gt;.status_code</failure></testcase><testcase classname="tests.test_scoring_api.TestBugRICEScoring" name="test_update_bug_rice_invalid_values" time="0.208"><failure message="assert 404 == 400&#10; +  where 404 = &lt;Response [404]&gt;.status_code">tests/test_scoring_api.py:369: in test_update_bug_rice_invalid_values
    assert response.status_code == 400
E   assert 404 == 400
E    +  where 404 = &lt;Response [404]&gt;.status_code</failure></testcase><testcase classname="tests.test_scoring_api.TestScoringAuthentication" name="test_scoring_options_no_auth" time="0.058" /><testcase classname="tests.test_scoring_api.TestScoringAuthentication" name="test_epic_moscow_no_auth" time="0.039" /><testcase classname="tests.test_scoring_api.TestScoringAuthentication" name="test_feature_scores_no_auth" time="0.041" /><testcase classname="tests.test_scoring_api.TestScoringAuthentication" name="test_story_rice_no_auth" time="0.042" /><testcase classname="tests.test_scoring_api.TestScoringAuthentication" name="test_bug_rice_no_auth" time="0.042" /><testcase classname="tests.test_scoring_api.TestRICECalculation" name="test_rice_calculation_feature" time="0.211"><failure message="assert 404 == 200&#10; +  where 404 = &lt;Response [404]&gt;.status_code">tests/test_scoring_api.py:417: in test_rice_calculation_feature
    assert response.status_code == 200
E   assert 404 == 200
E    +  where 404 = &lt;Response [404]&gt;.status_code</failure></testcase><testcase classname="tests.test_scoring_api.TestRICECalculation" name="test_rice_calculation_minimum_values" time="0.208"><failure message="assert 404 == 200&#10; +  where 404 = &lt;Response [404]&gt;.status_code">tests/test_scoring_api.py:435: in test_rice_calculation_minimum_values
    assert response.status_code == 200
E   assert 404 == 200
E    +  where 404 = &lt;Response [404]&gt;.status_code</failure></testcase><testcase classname="tests.test_scoring_api.TestRICECalculation" name="test_rice_calculation_maximum_values" time="0.210"><failure message="assert 404 == 200&#10; +  where 404 = &lt;Response [404]&gt;.status_code">tests/test_scoring_api.py:453: in test_rice_calculation_maximum_values
    assert response.status_code == 200
E   assert 404 == 200
E    +  where 404 = &lt;Response [404]&gt;.status_code</failure></testcase></testsuite></testsuites>