<?xml version="1.0" encoding="utf-8"?><testsuites name="pytest tests"><testsuite name="pytest" errors="0" failures="1" skipped="0" tests="23" time="57.576" timestamp="2026-02-06T17:04:02.561509+00:00" hostname="agent-env-3ed5a51a-ba97-4fde-963b-4f0852f3210d"><testcase classname="tests.test_sessionless_streaming.TestBackendHealth" name="test_health_endpoint" time="0.083" /><testcase classname="tests.test_sessionless_streaming.TestAuthentication" name="test_login_works" time="0.843" /><testcase classname="tests.test_sessionless_streaming.TestInitiativeGeneration" name="test_initiative_generate_accessible" time="1.051"><failure message="requests.exceptions.ChunkedEncodingError: Response ended prematurely">/root/.venv/lib/python3.11/site-packages/requests/models.py:820: in generate
    yield from self.raw.stream(chunk_size, decode_content=True)
/root/.venv/lib/python3.11/site-packages/urllib3/response.py:1246: in stream
    yield from self.read_chunked(amt, decode_content=decode_content)
/root/.venv/lib/python3.11/site-packages/urllib3/response.py:1414: in read_chunked
    self._update_chunk_length()
/root/.venv/lib/python3.11/site-packages/urllib3/response.py:1340: in _update_chunk_length
    raise ProtocolError("Response ended prematurely") from None
E   urllib3.exceptions.ProtocolError: Response ended prematurely

During handling of the above exception, another exception occurred:
tests/test_sessionless_streaming.py:76: in test_initiative_generate_accessible
    response = auth_session.post(
/root/.venv/lib/python3.11/site-packages/requests/sessions.py:637: in post
    return self.request("POST", url, data=data, json=json, **kwargs)
           ^^^^^^^^^^^^^^^^^^^^^^^^^^^^^^^^^^^^^^^^^^^^^^^^^^^^^^^^^
/root/.venv/lib/python3.11/site-packages/requests/sessions.py:589: in request
    resp = self.send(prep, **send_kwargs)
           ^^^^^^^^^^^^^^^^^^^^^^^^^^^^^^
/root/.venv/lib/python3.11/site-packages/requests/sessions.py:746: in send
    r.content
/root/.venv/lib/python3.11/site-packages/requests/models.py:902: in content
    self._content = b"".join(self.iter_content(CONTENT_CHUNK_SIZE)) or b""
                    ^^^^^^^^^^^^^^^^^^^^^^^^^^^^^^^^^^^^^^^^^^^^^^^
/root/.venv/lib/python3.11/site-packages/requests/models.py:822: in generate
    raise ChunkedEncodingError(e)
E   requests.exceptions.ChunkedEncodingError: Response ended prematurely</failure></testcase><testcase classname="tests.test_sessionless_streaming.TestInitiativeGeneration" name="test_initiative_generate_requires_auth" time="0.040" /><testcase classname="tests.test_sessionless_streaming.TestSprintAIEndpoints" name="test_kickoff_plan_accessible" time="6.839" /><testcase classname="tests.test_sessionless_streaming.TestSprintAIEndpoints" name="test_standup_summary_accessible" time="2.860" /><testcase classname="tests.test_sessionless_streaming.TestSprintAIEndpoints" name="test_wip_suggestions_accessible" time="0.401" /><testcase classname="tests.test_sessionless_streaming.TestSprintAIEndpoints" name="test_sprint_endpoints_require_auth" time="0.135" /><testcase classname="tests.test_sessionless_streaming.TestDeliveryRealityAIEndpoints" name="test_cut_rationale_accessible" time="4.393" /><testcase classname="tests.test_sessionless_streaming.TestDeliveryRealityAIEndpoints" name="test_alternative_cuts_accessible" time="2.550" /><testcase classname="tests.test_sessionless_streaming.TestDeliveryRealityAIEndpoints" name="test_risk_review_accessible" time="4.971" /><testcase classname="tests.test_sessionless_streaming.TestDeliveryRealityAIEndpoints" name="test_delivery_reality_endpoints_require_auth" time="0.143" /><testcase classname="tests.test_sessionless_streaming.TestFeatureGeneration" name="test_feature_generate_accessible" time="9.390" /><testcase classname="tests.test_sessionless_streaming.TestFeatureGeneration" name="test_feature_generate_requires_auth" time="0.064" /><testcase classname="tests.test_sessionless_streaming.TestUserStoryGeneration" name="test_story_generate_accessible" time="9.924" /><testcase classname="tests.test_sessionless_streaming.TestUserStoryGeneration" name="test_story_generate_requires_auth" time="0.054" /><testcase classname="tests.test_sessionless_streaming.TestEpicChat" name="test_epic_chat_accessible" time="4.846" /><testcase classname="tests.test_sessionless_streaming.TestEpicChat" name="test_epic_chat_requires_auth" time="0.078" /><testcase classname="tests.test_sessionless_streaming.TestBugAIEndpoints" name="test_bug_ai_chat_accessible" time="1.814" /><testcase classname="tests.test_sessionless_streaming.TestBugAIEndpoints" name="test_bug_ai_chat_requires_auth" time="0.061" /><testcase classname="tests.test_sessionless_streaming.TestScoringAIEndpoints" name="test_epic_moscow_suggest_accessible" time="6.501" /><testcase classname="tests.test_sessionless_streaming.TestBackendImports" name="test_backend_started_successfully" time="0.060" /><testcase classname="tests.test_sessionless_streaming.TestBackendImports" name="test_all_routes_registered" time="0.290" /></testsuite></testsuites>