<?xml version="1.0" encoding="utf-8"?><testsuites name="pytest tests"><testsuite name="pytest" errors="0" failures="0" skipped="0" tests="24" time="48.516" timestamp="2026-02-06T04:45:45.183001+00:00" hostname="agent-env-5c328b18-d290-414e-9a40-7111ff3c2b33"><testcase classname="tests.test_ai_endpoints_subscription.TestNonAIEndpointsWithoutSubscription" name="test_delivery_reality_summary_works" time="0.855" /><testcase classname="tests.test_ai_endpoints_subscription.TestNonAIEndpointsWithoutSubscription" name="test_delivery_reality_initiatives_works" time="0.735" /><testcase classname="tests.test_ai_endpoints_subscription.TestNonAIEndpointsWithoutSubscription" name="test_delivery_reality_initiative_detail_works" time="0.747" /><testcase classname="tests.test_ai_endpoints_subscription.TestNonAIEndpointsWithoutSubscription" name="test_sprints_current_works" time="0.850" /><testcase classname="tests.test_ai_endpoints_subscription.TestAIEndpointsWithSubscription" name="test_cut_rationale_works_with_subscription" time="3.058" /><testcase classname="tests.test_ai_endpoints_subscription.TestAIEndpointsWithSubscription" name="test_alternative_cuts_works_with_subscription" time="4.758" /><testcase classname="tests.test_ai_endpoints_subscription.TestAIEndpointsWithSubscription" name="test_risk_review_works_with_subscription" time="5.523" /><testcase classname="tests.test_ai_endpoints_subscription.TestAIEndpointsWithSubscription" name="test_kickoff_plan_works_with_subscription" time="1.141" /><testcase classname="tests.test_ai_endpoints_subscription.TestAIEndpointsWithSubscription" name="test_standup_summary_works_with_subscription" time="1.077" /><testcase classname="tests.test_ai_endpoints_subscription.TestAIEndpointsWithSubscription" name="test_wip_suggestions_works_with_subscription" time="1.037" /><testcase classname="tests.test_ai_endpoints_subscription.TestAIEndpointsSubscriptionGating" name="test_cut_rationale_returns_402_without_subscription" time="1.808" /><testcase classname="tests.test_ai_endpoints_subscription.TestAIEndpointsSubscriptionGating" name="test_alternative_cuts_returns_402_without_subscription" time="1.628" /><testcase classname="tests.test_ai_endpoints_subscription.TestAIEndpointsSubscriptionGating" name="test_risk_review_returns_402_without_subscription" time="1.654" /><testcase classname="tests.test_ai_endpoints_subscription.TestAIEndpointsSubscriptionGating" name="test_kickoff_plan_returns_402_without_subscription" time="1.633" /><testcase classname="tests.test_ai_endpoints_subscription.TestAIEndpointsSubscriptionGating" name="test_standup_summary_returns_402_without_subscription" time="1.567" /><testcase classname="tests.test_ai_endpoints_subscription.TestAIEndpointsSubscriptionGating" name="test_wip_suggestions_returns_402_without_subscription" time="1.557" /><testcase classname="tests.test_ai_endpoints_subscription.TestAIEndpointsLLMConfigCheck" name="test_llm_config_error_message_format" time="4.000" /><testcase classname="tests.test_ai_endpoints_subscription.TestAIEndpointsErrorHandling" name="test_cut_rationale_invalid_epic_returns_404" time="0.736" /><testcase classname="tests.test_ai_endpoints_subscription.TestAIEndpointsErrorHandling" name="test_alternative_cuts_invalid_epic_returns_404" time="0.734" /><testcase classname="tests.test_ai_endpoints_subscription.TestAIEndpointsErrorHandling" name="test_risk_review_invalid_epic_returns_404" time="0.700" /><testcase classname="tests.test_ai_endpoints_subscription.TestAIEndpointsErrorHandling" name="test_unauthenticated_ai_endpoints_return_401" time="0.554" /><testcase classname="tests.test_ai_endpoints_subscription.TestStrictOutputServiceIntegration" name="test_alternative_cuts_validates_story_ids" time="3.332" /><testcase classname="tests.test_ai_endpoints_subscription.TestStrictOutputServiceIntegration" name="test_cut_rationale_returns_valid_schema" time="3.537" /><testcase classname="tests.test_ai_endpoints_subscription.TestStrictOutputServiceIntegration" name="test_risk_review_returns_valid_schema" time="5.237" /></testsuite></testsuites>