<?xml version="1.0" encoding="utf-8"?><testsuites name="pytest tests"><testsuite name="pytest" errors="0" failures="0" skipped="0" tests="34" time="8.907" timestamp="2026-02-02T21:50:55.431431+00:00" hostname="agent-env-6e87a46c-68ab-4b09-acc7-f5dba342e328"><testcase classname="tests.test_scoring_api.TestScoringOptions" name="test_get_scoring_options_success" time="0.449" /><testcase classname="tests.test_scoring_api.TestEpicMoSCoWScoring" name="test_get_epic_moscow_success" time="0.242" /><testcase classname="tests.test_scoring_api.TestEpicMoSCoWScoring" name="test_get_epic_moscow_not_found" time="0.369" /><testcase classname="tests.test_scoring_api.TestEpicMoSCoWScoring" name="test_update_epic_moscow_must_have" time="0.560" /><testcase classname="tests.test_scoring_api.TestEpicMoSCoWScoring" name="test_update_epic_moscow_should_have" time="0.443" /><testcase classname="tests.test_scoring_api.TestEpicMoSCoWScoring" name="test_update_epic_moscow_could_have" time="0.431" /><testcase classname="tests.test_scoring_api.TestEpicMoSCoWScoring" name="test_update_epic_moscow_wont_have" time="0.431" /><testcase classname="tests.test_scoring_api.TestEpicMoSCoWScoring" name="test_update_epic_moscow_invalid_score" time="0.235" /><testcase classname="tests.test_scoring_api.TestEpicMoSCoWScoring" name="test_update_epic_moscow_not_found" time="0.452" /><testcase classname="tests.test_scoring_api.TestFeatureScoring" name="test_get_feature_scores_success" time="0.219" /><testcase classname="tests.test_scoring_api.TestFeatureScoring" name="test_get_feature_scores_not_found" time="0.231" /><testcase classname="tests.test_scoring_api.TestFeatureScoring" name="test_update_feature_moscow_success" time="0.432" /><testcase classname="tests.test_scoring_api.TestFeatureScoring" name="test_update_feature_moscow_invalid" time="0.246" /><testcase classname="tests.test_scoring_api.TestFeatureScoring" name="test_update_feature_rice_success" time="0.432" /><testcase classname="tests.test_scoring_api.TestFeatureScoring" name="test_update_feature_rice_invalid_reach" time="0.009" /><testcase classname="tests.test_scoring_api.TestFeatureScoring" name="test_update_feature_rice_invalid_impact" time="0.206" /><testcase classname="tests.test_scoring_api.TestFeatureScoring" name="test_update_feature_rice_invalid_confidence" time="0.207" /><testcase classname="tests.test_scoring_api.TestFeatureScoring" name="test_update_feature_rice_invalid_effort" time="0.009" /><testcase classname="tests.test_scoring_api.TestUserStoryRICEScoring" name="test_get_story_rice_success" time="0.215" /><testcase classname="tests.test_scoring_api.TestUserStoryRICEScoring" name="test_get_story_rice_not_found" time="0.205" /><testcase classname="tests.test_scoring_api.TestUserStoryRICEScoring" name="test_update_story_rice_success" time="0.433" /><testcase classname="tests.test_scoring_api.TestUserStoryRICEScoring" name="test_update_story_rice_invalid_values" time="0.009" /><testcase classname="tests.test_scoring_api.TestBugRICEScoring" name="test_get_bug_rice_success" time="0.205" /><testcase classname="tests.test_scoring_api.TestBugRICEScoring" name="test_get_bug_rice_not_found" time="0.206" /><testcase classname="tests.test_scoring_api.TestBugRICEScoring" name="test_update_bug_rice_success" time="0.376" /><testcase classname="tests.test_scoring_api.TestBugRICEScoring" name="test_update_bug_rice_invalid_values" time="0.205" /><testcase classname="tests.test_scoring_api.TestScoringAuthentication" name="test_scoring_options_no_auth" time="0.066" /><testcase classname="tests.test_scoring_api.TestScoringAuthentication" name="test_epic_moscow_no_auth" time="0.034" /><testcase classname="tests.test_scoring_api.TestScoringAuthentication" name="test_feature_scores_no_auth" time="0.041" /><testcase classname="tests.test_scoring_api.TestScoringAuthentication" name="test_story_rice_no_auth" time="0.039" /><testcase classname="tests.test_scoring_api.TestScoringAuthentication" name="test_bug_rice_no_auth" time="0.052" /><testcase classname="tests.test_scoring_api.TestRICECalculation" name="test_rice_calculation_feature" time="0.401" /><testcase classname="tests.test_scoring_api.TestRICECalculation" name="test_rice_calculation_minimum_values" time="0.374" /><testcase classname="tests.test_scoring_api.TestRICECalculation" name="test_rice_calculation_maximum_values" time="0.373" /></testsuite></testsuites>